#
# There is insufficient memory for the Java Runtime Environment to continue.
# Native memory allocation (mmap) failed to map 89128960 bytes. Error detail: G1 virtual space
# Possible reasons:
#   The system is out of physical RAM or swap space
#   This process is running with CompressedOops enabled, and the Java Heap may be blocking the growth of the native heap
# Possible solutions:
#   Reduce memory load on the system
#   Increase physical memory or swap space
#   Check if swap backing store is full
#   Decrease Java heap size (-Xmx/-Xms)
#   Decrease number of Java threads
#   Decrease Java thread stack sizes (-Xss)
#   Set larger code cache with -XX:ReservedCodeCacheSize=
#   JVM is running with Unscaled Compressed Oops mode in which the Java heap is
#     placed in the first 4GB address space. The Java Heap base address is the
#     maximum limit for the native heap growth. Please use -XX:HeapBaseMinAddress
#     to set the Java Heap base and to place the Java Heap above 4GB virtual address.
# This output file may be truncated or incomplete.
#
#  Out of Memory Error (os_windows.cpp:3703), pid=14592, tid=15748
#
# JRE version: OpenJDK Runtime Environment Temurin-23.0.1+11 (23.0.1+11) (build 23.0.1+11)
# Java VM: OpenJDK 64-Bit Server VM Temurin-23.0.1+11 (23.0.1+11, mixed mode, sharing, tiered, compressed oops, compressed class ptrs, g1 gc, windows-amd64)
# No core dump will be written. Minidumps are not enabled by default on client versions of Windows
#

---------------  S U M M A R Y ------------

Command Line: --module-path=D:\Downloads\javafx-sdk-23.0.1\lib --add-modules=javafx.controls,javafx.graphics,javafx.fxml -Dfile.encoding=UTF-8 -Dstdout.encoding=UTF-8 -Dstderr.encoding=UTF-8 -XX:+ShowCodeDetailsInExceptionMessages com.truongquycode.course_service.CourseServiceApplication

Host: Intel(R) Core(TM) i5-6300U CPU @ 2.40GHz, 4 cores, 7G,  Windows 10 , 64 bit Build 18362 (10.0.18362.1500)
Time: Wed Nov  5 20:28:27 2025 SE Asia Standard Time elapsed time: 16.850225 seconds (0d 0h 0m 16s)

---------------  T H R E A D  ---------------

Current thread (0x0000017eac6e5b10):  VMThread "VM Thread"          [id=15748, stack(0x00000006f5a00000,0x00000006f5b00000) (1024K)]

Stack: [0x00000006f5a00000,0x00000006f5b00000]
Native frames: (J=compiled Java code, j=interpreted, Vv=VM code, C=native code)
V  [jvm.dll+0x6e8c79]  (no source info available)
V  [jvm.dll+0x8d9253]  (no source info available)
V  [jvm.dll+0x8db6de]  (no source info available)
V  [jvm.dll+0x8dbdb3]  (no source info available)
V  [jvm.dll+0x281aa6]  (no source info available)
V  [jvm.dll+0x6e5575]  (no source info available)
V  [jvm.dll+0x6d958a]  (no source info available)
V  [jvm.dll+0x3625fa]  (no source info available)
V  [jvm.dll+0x36aa26]  (no source info available)
V  [jvm.dll+0x356fce]  (no source info available)
V  [jvm.dll+0x357268]  (no source info available)
V  [jvm.dll+0x32fbfc]  (no source info available)
V  [jvm.dll+0x32fc8a]  (no source info available)
V  [jvm.dll+0x37b292]  (no source info available)
V  [jvm.dll+0x37999c]  (no source info available)
V  [jvm.dll+0x32f3e7]  (no source info available)
V  [jvm.dll+0x3790a4]  (no source info available)
V  [jvm.dll+0x8e1c3f]  (no source info available)
V  [jvm.dll+0x8e2f56]  (no source info available)
V  [jvm.dll+0x8e3488]  (no source info available)
V  [jvm.dll+0x8e3723]  (no source info available)
V  [jvm.dll+0x8802ab]  (no source info available)
V  [jvm.dll+0x6e7485]  (no source info available)
C  [ucrtbase.dll+0x210b2]  (no source info available)
C  [KERNEL32.DLL+0x17c24]  (no source info available)
C  [ntdll.dll+0x6d721]  (no source info available)

VM_Operation (0x00000006f53fac30): G1CollectForAllocation, mode: safepoint, requested by thread 0x0000017e929bdec0


---------------  P R O C E S S  ---------------

Threads class SMR info:
_java_thread_list=0x0000017ef330fdb0, length=18, elements={
0x0000017e929bdec0, 0x0000017eac6feed0, 0x0000017eac700740, 0x0000017eac704fc0,
0x0000017eac705a20, 0x0000017eac706dd0, 0x0000017eac709600, 0x0000017eac70a740,
0x0000017eac70f4c0, 0x0000017eac7fb910, 0x0000017ef276b1a0, 0x0000017ef529a240,
0x0000017ef529d6c0, 0x0000017ef529d030, 0x0000017ef529b5f0, 0x0000017ef529af60,
0x0000017ef529c310, 0x0000017ef6645ac0
}

Java Threads: ( => current thread )
  0x0000017e929bdec0 JavaThread "main"                              [_thread_blocked, id=16996, stack(0x00000006f5300000,0x00000006f5400000) (1024K)]
  0x0000017eac6feed0 JavaThread "Reference Handler"          daemon [_thread_blocked, id=11384, stack(0x00000006f5b00000,0x00000006f5c00000) (1024K)]
  0x0000017eac700740 JavaThread "Finalizer"                  daemon [_thread_blocked, id=11484, stack(0x00000006f5c00000,0x00000006f5d00000) (1024K)]
  0x0000017eac704fc0 JavaThread "Signal Dispatcher"          daemon [_thread_blocked, id=16400, stack(0x00000006f5d00000,0x00000006f5e00000) (1024K)]
  0x0000017eac705a20 JavaThread "Attach Listener"            daemon [_thread_blocked, id=10332, stack(0x00000006f5e00000,0x00000006f5f00000) (1024K)]
  0x0000017eac706dd0 JavaThread "Service Thread"             daemon [_thread_blocked, id=16180, stack(0x00000006f5f00000,0x00000006f6000000) (1024K)]
  0x0000017eac709600 JavaThread "Monitor Deflation Thread"   daemon [_thread_blocked, id=6928, stack(0x00000006f6000000,0x00000006f6100000) (1024K)]
  0x0000017eac70a740 JavaThread "C2 CompilerThread0"         daemon [_thread_blocked, id=11428, stack(0x00000006f6100000,0x00000006f6200000) (1024K)]
  0x0000017eac70f4c0 JavaThread "C1 CompilerThread0"         daemon [_thread_blocked, id=11296, stack(0x00000006f6200000,0x00000006f6300000) (1024K)]
  0x0000017eac7fb910 JavaThread "Common-Cleaner"             daemon [_thread_blocked, id=9820, stack(0x00000006f6300000,0x00000006f6400000) (1024K)]
  0x0000017ef276b1a0 JavaThread "Notification Thread"        daemon [_thread_blocked, id=14008, stack(0x00000006f6500000,0x00000006f6600000) (1024K)]
  0x0000017ef529a240 JavaThread "Catalina-utility-1"                [_thread_blocked, id=15284, stack(0x00000006f6900000,0x00000006f6a00000) (1024K)]
  0x0000017ef529d6c0 JavaThread "Catalina-utility-2"                [_thread_blocked, id=15936, stack(0x00000006f6a00000,0x00000006f6b00000) (1024K)]
  0x0000017ef529d030 JavaThread "container-0"                       [_thread_blocked, id=14456, stack(0x00000006f6b00000,0x00000006f6c00000) (1024K)]
  0x0000017ef529b5f0 JavaThread "mysql-cj-abandoned-connection-cleanup" daemon [_thread_blocked, id=15244, stack(0x00000006f6c00000,0x00000006f6d00000) (1024K)]
  0x0000017ef529af60 JavaThread "HikariPool-1:housekeeper"   daemon [_thread_blocked, id=18072, stack(0x00000006f6e00000,0x00000006f6f00000) (1024K)]
  0x0000017ef529c310 JavaThread "HikariPool-1:connection-adder" daemon [_thread_blocked, id=13708, stack(0x00000006f6f00000,0x00000006f7000000) (1024K)]
  0x0000017ef6645ac0 JavaThread "C2 CompilerThread1"         daemon [_thread_blocked, id=16032, stack(0x00000006f6400000,0x00000006f6500000) (1024K)]
Total: 18

Other Threads:
=>0x0000017eac6e5b10 VMThread "VM Thread"                           [id=15748, stack(0x00000006f5a00000,0x00000006f5b00000) (1024K)]
  0x0000017eac6d2d80 WatcherThread "VM Periodic Task Thread"        [id=14500, stack(0x00000006f5900000,0x00000006f5a00000) (1024K)]
  0x0000017e94c57b90 WorkerThread "GC Thread#0"                     [id=16408, stack(0x00000006f5400000,0x00000006f5500000) (1024K)]
  0x0000017ef3452360 WorkerThread "GC Thread#1"                     [id=10632, stack(0x00000006f6600000,0x00000006f6700000) (1024K)]
  0x0000017ef3452710 WorkerThread "GC Thread#2"                     [id=1760, stack(0x00000006f6700000,0x00000006f6800000) (1024K)]
  0x0000017ef2abaa60 WorkerThread "GC Thread#3"                     [id=16432, stack(0x00000006f6800000,0x00000006f6900000) (1024K)]
  0x0000017e94c6c690 ConcurrentGCThread "G1 Main Marker"            [id=1772, stack(0x00000006f5500000,0x00000006f5600000) (1024K)]
  0x0000017e94c6daa0 WorkerThread "G1 Conc#0"                       [id=13676, stack(0x00000006f5600000,0x00000006f5700000) (1024K)]
  0x0000017e94caeab0 ConcurrentGCThread "G1 Refine#0"               [id=13216, stack(0x00000006f5700000,0x00000006f5800000) (1024K)]
  0x0000017eac5977f0 ConcurrentGCThread "G1 Service"                [id=16604, stack(0x00000006f5800000,0x00000006f5900000) (1024K)]
Total: 10

Threads with active compile tasks:
Total: 0

VM state: at safepoint (normal execution)

VM Mutex/Monitor currently owned by a thread:  ([mutex/lock_event])
[0x00007ffedc4cbd70] Threads_lock - owner thread: 0x0000017eac6e5b10
[0x00007ffedc4cbe70] Heap_lock - owner thread: 0x0000017e929bdec0

Heap address: 0x0000000081c00000, size: 2020 MB, Compressed Oops mode: 32-bit

CDS archive(s) mapped at: [0x0000017ead000000-0x0000017eadd70000-0x0000017eadd70000), size 14090240, SharedBaseAddress: 0x0000017ead000000, ArchiveRelocationMode: 1.
Compressed class space mapped at: 0x0000017eae000000-0x0000017eee000000, reserved size: 1073741824
Narrow klass base: 0x0000017ead000000, Narrow klass shift: 0, Narrow klass range: 0x41000000

GC Precious Log:
 CardTable entry size: 512
 Card Set container configuration: InlinePtr #cards 5 size 8 Array Of Cards #cards 10 size 36 Howl #buckets 4 coarsen threshold 1843 Howl Bitmap #cards 512 size 80 coarsen threshold 460 Card regions per heap region 1 cards per card region 2048
 CPUs: 4 total, 4 available
 Memory: 8073M
 Large Page Support: Disabled
 NUMA Support: Disabled
 Compressed Oops: Enabled (32-bit)
 Heap Region Size: 1M
 Heap Min Capacity: 8M
 Heap Initial Capacity: 128M
 Heap Max Capacity: 2020M
 Pre-touch: Disabled
 Parallel Workers: 4
 Concurrent Workers: 1
 Concurrent Refinement Workers: 4
 Periodic GC: Disabled

Heap:
 garbage-first heap   total reserved 2068480K, committed 133120K, used 59709K [0x0000000081c00000, 0x0000000100000000)
  region size 1024K, 3 young (3072K), 3 survivors (3072K)
 Metaspace       used 68315K, committed 68992K, reserved 1114112K
  class space    used 9763K, committed 10048K, reserved 1048576K

Heap Regions: E=young(eden), S=young(survivor), O=old, HS=humongous(starts), HC=humongous(continues), CS=collection set, F=free, TAMS=top-at-mark-start, PB=parsable bottom
|   0|0x0000000081c00000, 0x0000000081d00000, 0x0000000081d00000|100%|HS|  |TAMS 0x0000000081c00000| PB 0x0000000081c00000| Complete |  0
|   1|0x0000000081d00000, 0x0000000081e00000, 0x0000000081e00000|100%|HS|  |TAMS 0x0000000081d00000| PB 0x0000000081d00000| Complete |  0
|   2|0x0000000081e00000, 0x0000000081f00000, 0x0000000081f00000|100%|HS|  |TAMS 0x0000000081e00000| PB 0x0000000081e00000| Complete |  0
|   3|0x0000000081f00000, 0x0000000082000000, 0x0000000082000000|100%| O|  |TAMS 0x0000000081f00000| PB 0x0000000081f00000| Untracked |  0
|   4|0x0000000082000000, 0x0000000082100000, 0x0000000082100000|100%| O|  |TAMS 0x0000000082000000| PB 0x0000000082000000| Untracked |  0
|   5|0x0000000082100000, 0x0000000082200000, 0x0000000082200000|100%| O|  |TAMS 0x0000000082100000| PB 0x0000000082100000| Untracked |  0
|   6|0x0000000082200000, 0x0000000082300000, 0x0000000082300000|100%| O|  |TAMS 0x0000000082200000| PB 0x0000000082200000| Untracked |  0
|   7|0x0000000082300000, 0x0000000082400000, 0x0000000082400000|100%| O|  |TAMS 0x0000000082300000| PB 0x0000000082300000| Untracked |  0
|   8|0x0000000082400000, 0x0000000082500000, 0x0000000082500000|100%| O|  |TAMS 0x0000000082400000| PB 0x0000000082400000| Untracked |  0
|   9|0x0000000082500000, 0x0000000082600000, 0x0000000082600000|100%| O|  |TAMS 0x0000000082500000| PB 0x0000000082500000| Untracked |  0
|  10|0x0000000082600000, 0x0000000082700000, 0x0000000082700000|100%| O|  |TAMS 0x0000000082600000| PB 0x0000000082600000| Untracked |  0
|  11|0x0000000082700000, 0x0000000082800000, 0x0000000082800000|100%| O|  |TAMS 0x0000000082700000| PB 0x0000000082700000| Untracked |  0
|  12|0x0000000082800000, 0x0000000082900000, 0x0000000082900000|100%| O|  |TAMS 0x0000000082800000| PB 0x0000000082800000| Untracked |  0
|  13|0x0000000082900000, 0x0000000082a00000, 0x0000000082a00000|100%| O|  |TAMS 0x0000000082900000| PB 0x0000000082900000| Untracked |  0
|  14|0x0000000082a00000, 0x0000000082b00000, 0x0000000082b00000|100%| O|  |TAMS 0x0000000082a00000| PB 0x0000000082a00000| Untracked |  0
|  15|0x0000000082b00000, 0x0000000082c00000, 0x0000000082c00000|100%| O|  |TAMS 0x0000000082b00000| PB 0x0000000082b00000| Untracked |  0
|  16|0x0000000082c00000, 0x0000000082d00000, 0x0000000082d00000|100%| O|  |TAMS 0x0000000082c00000| PB 0x0000000082c00000| Untracked |  0
|  17|0x0000000082d00000, 0x0000000082e00000, 0x0000000082e00000|100%| O|  |TAMS 0x0000000082d00000| PB 0x0000000082d00000| Untracked |  0
|  18|0x0000000082e00000, 0x0000000082f00000, 0x0000000082f00000|100%| O|  |TAMS 0x0000000082e00000| PB 0x0000000082e00000| Untracked |  0
|  19|0x0000000082f00000, 0x0000000083000000, 0x0000000083000000|100%| O|  |TAMS 0x0000000082f00000| PB 0x0000000082f00000| Untracked |  0
|  20|0x0000000083000000, 0x0000000083100000, 0x0000000083100000|100%| O|  |TAMS 0x0000000083000000| PB 0x0000000083000000| Untracked |  0
|  21|0x0000000083100000, 0x0000000083200000, 0x0000000083200000|100%| O|  |TAMS 0x0000000083100000| PB 0x0000000083100000| Untracked |  0
|  22|0x0000000083200000, 0x0000000083300000, 0x0000000083300000|100%| O|  |TAMS 0x0000000083200000| PB 0x0000000083200000| Untracked |  0
|  23|0x0000000083300000, 0x0000000083400000, 0x0000000083400000|100%| O|  |TAMS 0x0000000083300000| PB 0x0000000083300000| Untracked |  0
|  24|0x0000000083400000, 0x0000000083500000, 0x0000000083500000|100%| O|  |TAMS 0x0000000083400000| PB 0x0000000083400000| Untracked |  0
|  25|0x0000000083500000, 0x0000000083600000, 0x0000000083600000|100%| O|  |TAMS 0x0000000083500000| PB 0x0000000083500000| Untracked |  0
|  26|0x0000000083600000, 0x0000000083700000, 0x0000000083700000|100%| O|  |TAMS 0x0000000083600000| PB 0x0000000083600000| Untracked |  0
|  27|0x0000000083700000, 0x0000000083800000, 0x0000000083800000|100%| O|  |TAMS 0x0000000083700000| PB 0x0000000083700000| Untracked |  0
|  28|0x0000000083800000, 0x0000000083900000, 0x0000000083900000|100%| O|  |TAMS 0x0000000083800000| PB 0x0000000083800000| Untracked |  0
|  29|0x0000000083900000, 0x0000000083a00000, 0x0000000083a00000|100%| O|  |TAMS 0x0000000083900000| PB 0x0000000083900000| Untracked |  0
|  30|0x0000000083a00000, 0x0000000083b00000, 0x0000000083b00000|100%| O|  |TAMS 0x0000000083a00000| PB 0x0000000083a00000| Untracked |  0
|  31|0x0000000083b00000, 0x0000000083c00000, 0x0000000083c00000|100%| O|  |TAMS 0x0000000083b00000| PB 0x0000000083b00000| Untracked |  0
|  32|0x0000000083c00000, 0x0000000083d00000, 0x0000000083d00000|100%| O|  |TAMS 0x0000000083c00000| PB 0x0000000083c00000| Untracked |  0
|  33|0x0000000083d00000, 0x0000000083e00000, 0x0000000083e00000|100%| O|  |TAMS 0x0000000083d00000| PB 0x0000000083d00000| Untracked |  0
|  34|0x0000000083e00000, 0x0000000083f00000, 0x0000000083f00000|100%| O|  |TAMS 0x0000000083e00000| PB 0x0000000083e00000| Untracked |  0
|  35|0x0000000083f00000, 0x0000000084000000, 0x0000000084000000|100%| O|  |TAMS 0x0000000083f00000| PB 0x0000000083f00000| Untracked |  0
|  36|0x0000000084000000, 0x0000000084100000, 0x0000000084100000|100%| O|  |TAMS 0x0000000084000000| PB 0x0000000084000000| Untracked |  0
|  37|0x0000000084100000, 0x0000000084100000, 0x0000000084200000|  0%| F|  |TAMS 0x0000000084100000| PB 0x0000000084100000| Untracked |  0
|  38|0x0000000084200000, 0x0000000084200000, 0x0000000084300000|  0%| F|  |TAMS 0x0000000084200000| PB 0x0000000084200000| Untracked |  0
|  39|0x0000000084300000, 0x0000000084400000, 0x0000000084400000|100%| O|  |TAMS 0x0000000084300000| PB 0x0000000084300000| Untracked |  0
|  40|0x0000000084400000, 0x0000000084400000, 0x0000000084500000|  0%| F|  |TAMS 0x0000000084400000| PB 0x0000000084400000| Untracked |  0
|  41|0x0000000084500000, 0x0000000084600000, 0x0000000084600000|100%| O|  |TAMS 0x0000000084500000| PB 0x0000000084500000| Untracked |  0
|  42|0x0000000084600000, 0x0000000084700000, 0x0000000084700000|100%| O|  |TAMS 0x0000000084600000| PB 0x0000000084600000| Untracked |  0
|  43|0x0000000084700000, 0x0000000084800000, 0x0000000084800000|100%| O|  |TAMS 0x0000000084700000| PB 0x0000000084700000| Untracked |  0
|  44|0x0000000084800000, 0x0000000084800000, 0x0000000084900000|  0%| F|  |TAMS 0x0000000084800000| PB 0x0000000084800000| Untracked |  0
|  45|0x0000000084900000, 0x0000000084a00000, 0x0000000084a00000|100%| O|  |TAMS 0x0000000084900000| PB 0x0000000084900000| Untracked |  0
|  46|0x0000000084a00000, 0x0000000084b00000, 0x0000000084b00000|100%| O|  |TAMS 0x0000000084a00000| PB 0x0000000084a00000| Untracked |  0
|  47|0x0000000084b00000, 0x0000000084c00000, 0x0000000084c00000|100%| O|  |TAMS 0x0000000084b00000| PB 0x0000000084b00000| Untracked |  0
|  48|0x0000000084c00000, 0x0000000084d00000, 0x0000000084d00000|100%| O|  |TAMS 0x0000000084c00000| PB 0x0000000084c00000| Untracked |  0
|  49|0x0000000084d00000, 0x0000000084e00000, 0x0000000084e00000|100%| O|  |TAMS 0x0000000084d00000| PB 0x0000000084d00000| Untracked |  0
|  50|0x0000000084e00000, 0x0000000084f00000, 0x0000000084f00000|100%| O|  |TAMS 0x0000000084e00000| PB 0x0000000084e00000| Untracked |  0
|  51|0x0000000084f00000, 0x0000000085000000, 0x0000000085000000|100%| O|  |TAMS 0x0000000084f00000| PB 0x0000000084f00000| Untracked |  0
|  52|0x0000000085000000, 0x0000000085100000, 0x0000000085100000|100%| O|  |TAMS 0x0000000085000000| PB 0x0000000085000000| Untracked |  0
|  53|0x0000000085100000, 0x0000000085200000, 0x0000000085200000|100%| O|  |TAMS 0x0000000085100000| PB 0x0000000085100000| Untracked |  0
|  54|0x0000000085200000, 0x0000000085300000, 0x0000000085300000|100%| O|  |TAMS 0x0000000085200000| PB 0x0000000085200000| Untracked |  0
|  55|0x0000000085300000, 0x0000000085400000, 0x0000000085400000|100%| O|  |TAMS 0x0000000085300000| PB 0x0000000085300000| Untracked |  0
|  56|0x0000000085400000, 0x0000000085500000, 0x0000000085500000|100%| O|  |TAMS 0x0000000085400000| PB 0x0000000085400000| Untracked |  0
|  57|0x0000000085500000, 0x000000008554f620, 0x0000000085600000| 31%| O|  |TAMS 0x0000000085500000| PB 0x0000000085500000| Untracked |  0
|  58|0x0000000085600000, 0x0000000085600000, 0x0000000085700000|  0%| F|  |TAMS 0x0000000085600000| PB 0x0000000085600000| Untracked |  0
|  59|0x0000000085700000, 0x0000000085700000, 0x0000000085800000|  0%| F|  |TAMS 0x0000000085700000| PB 0x0000000085700000| Untracked |  0
|  60|0x0000000085800000, 0x0000000085900000, 0x0000000085900000|100%| S|CS|TAMS 0x0000000085800000| PB 0x0000000085800000| Complete |  0
|  61|0x0000000085900000, 0x0000000085a00000, 0x0000000085a00000|100%| S|CS|TAMS 0x0000000085900000| PB 0x0000000085900000| Complete |  0
|  62|0x0000000085a00000, 0x0000000085b00000, 0x0000000085b00000|100%| S|CS|TAMS 0x0000000085a00000| PB 0x0000000085a00000| Complete |  0
|  63|0x0000000085b00000, 0x0000000085b00000, 0x0000000085c00000|  0%| F|  |TAMS 0x0000000085b00000| PB 0x0000000085b00000| Untracked |  0
|  64|0x0000000085c00000, 0x0000000085c00000, 0x0000000085d00000|  0%| F|  |TAMS 0x0000000085c00000| PB 0x0000000085c00000| Untracked |  0
|  65|0x0000000085d00000, 0x0000000085d00000, 0x0000000085e00000|  0%| F|  |TAMS 0x0000000085d00000| PB 0x0000000085d00000| Untracked |  0
|  66|0x0000000085e00000, 0x0000000085e00000, 0x0000000085f00000|  0%| F|  |TAMS 0x0000000085e00000| PB 0x0000000085e00000| Untracked |  0
|  67|0x0000000085f00000, 0x0000000085f00000, 0x0000000086000000|  0%| F|  |TAMS 0x0000000085f00000| PB 0x0000000085f00000| Untracked |  0
|  68|0x0000000086000000, 0x0000000086000000, 0x0000000086100000|  0%| F|  |TAMS 0x0000000086000000| PB 0x0000000086000000| Untracked |  0
|  69|0x0000000086100000, 0x0000000086100000, 0x0000000086200000|  0%| F|  |TAMS 0x0000000086100000| PB 0x0000000086100000| Untracked |  0
|  70|0x0000000086200000, 0x0000000086200000, 0x0000000086300000|  0%| F|  |TAMS 0x0000000086200000| PB 0x0000000086200000| Untracked |  0
|  71|0x0000000086300000, 0x0000000086300000, 0x0000000086400000|  0%| F|  |TAMS 0x0000000086300000| PB 0x0000000086300000| Untracked |  0
|  72|0x0000000086400000, 0x0000000086400000, 0x0000000086500000|  0%| F|  |TAMS 0x0000000086400000| PB 0x0000000086400000| Untracked |  0
|  73|0x0000000086500000, 0x0000000086500000, 0x0000000086600000|  0%| F|  |TAMS 0x0000000086500000| PB 0x0000000086500000| Untracked |  0
|  74|0x0000000086600000, 0x0000000086600000, 0x0000000086700000|  0%| F|  |TAMS 0x0000000086600000| PB 0x0000000086600000| Untracked |  0
|  75|0x0000000086700000, 0x0000000086700000, 0x0000000086800000|  0%| F|  |TAMS 0x0000000086700000| PB 0x0000000086700000| Untracked |  0
|  76|0x0000000086800000, 0x0000000086800000, 0x0000000086900000|  0%| F|  |TAMS 0x0000000086800000| PB 0x0000000086800000| Untracked |  0
|  77|0x0000000086900000, 0x0000000086900000, 0x0000000086a00000|  0%| F|  |TAMS 0x0000000086900000| PB 0x0000000086900000| Untracked |  0
|  78|0x0000000086a00000, 0x0000000086a00000, 0x0000000086b00000|  0%| F|  |TAMS 0x0000000086a00000| PB 0x0000000086a00000| Untracked |  0
|  79|0x0000000086b00000, 0x0000000086b00000, 0x0000000086c00000|  0%| F|  |TAMS 0x0000000086b00000| PB 0x0000000086b00000| Untracked |  0
|  80|0x0000000086c00000, 0x0000000086c00000, 0x0000000086d00000|  0%| F|  |TAMS 0x0000000086c00000| PB 0x0000000086c00000| Untracked |  0
|  81|0x0000000086d00000, 0x0000000086d00000, 0x0000000086e00000|  0%| F|  |TAMS 0x0000000086d00000| PB 0x0000000086d00000| Untracked |  0
|  82|0x0000000086e00000, 0x0000000086e00000, 0x0000000086f00000|  0%| F|  |TAMS 0x0000000086e00000| PB 0x0000000086e00000| Untracked |  0
|  83|0x0000000086f00000, 0x0000000086f00000, 0x0000000087000000|  0%| F|  |TAMS 0x0000000086f00000| PB 0x0000000086f00000| Untracked |  0
|  84|0x0000000087000000, 0x0000000087000000, 0x0000000087100000|  0%| F|  |TAMS 0x0000000087000000| PB 0x0000000087000000| Untracked |  0
|  85|0x0000000087100000, 0x0000000087100000, 0x0000000087200000|  0%| F|  |TAMS 0x0000000087100000| PB 0x0000000087100000| Untracked |  0
|  86|0x0000000087200000, 0x0000000087200000, 0x0000000087300000|  0%| F|  |TAMS 0x0000000087200000| PB 0x0000000087200000| Untracked |  0
|  87|0x0000000087300000, 0x0000000087300000, 0x0000000087400000|  0%| F|  |TAMS 0x0000000087300000| PB 0x0000000087300000| Untracked |  0
|  88|0x0000000087400000, 0x0000000087400000, 0x0000000087500000|  0%| F|  |TAMS 0x0000000087400000| PB 0x0000000087400000| Untracked |  0
|  89|0x0000000087500000, 0x0000000087500000, 0x0000000087600000|  0%| F|  |TAMS 0x0000000087500000| PB 0x0000000087500000| Untracked |  0
|  90|0x0000000087600000, 0x0000000087600000, 0x0000000087700000|  0%| F|  |TAMS 0x0000000087600000| PB 0x0000000087600000| Untracked |  0
|  91|0x0000000087700000, 0x0000000087700000, 0x0000000087800000|  0%| F|  |TAMS 0x0000000087700000| PB 0x0000000087700000| Untracked |  0
|  92|0x0000000087800000, 0x0000000087800000, 0x0000000087900000|  0%| F|  |TAMS 0x0000000087800000| PB 0x0000000087800000| Untracked |  0
|  93|0x0000000087900000, 0x0000000087900000, 0x0000000087a00000|  0%| F|  |TAMS 0x0000000087900000| PB 0x0000000087900000| Untracked |  0
|  94|0x0000000087a00000, 0x0000000087a00000, 0x0000000087b00000|  0%| F|  |TAMS 0x0000000087a00000| PB 0x0000000087a00000| Untracked |  0
|  95|0x0000000087b00000, 0x0000000087b00000, 0x0000000087c00000|  0%| F|  |TAMS 0x0000000087b00000| PB 0x0000000087b00000| Untracked |  0
|  96|0x0000000087c00000, 0x0000000087c00000, 0x0000000087d00000|  0%| F|  |TAMS 0x0000000087c00000| PB 0x0000000087c00000| Untracked |  0
|  97|0x0000000087d00000, 0x0000000087d00000, 0x0000000087e00000|  0%| F|  |TAMS 0x0000000087d00000| PB 0x0000000087d00000| Untracked |  0
|  98|0x0000000087e00000, 0x0000000087e00000, 0x0000000087f00000|  0%| F|  |TAMS 0x0000000087e00000| PB 0x0000000087e00000| Untracked |  0
|  99|0x0000000087f00000, 0x0000000087f00000, 0x0000000088000000|  0%| F|  |TAMS 0x0000000087f00000| PB 0x0000000087f00000| Untracked |  0
| 100|0x0000000088000000, 0x0000000088000000, 0x0000000088100000|  0%| F|  |TAMS 0x0000000088000000| PB 0x0000000088000000| Untracked |  0
| 101|0x0000000088100000, 0x0000000088100000, 0x0000000088200000|  0%| F|  |TAMS 0x0000000088100000| PB 0x0000000088100000| Untracked |  0
| 102|0x0000000088200000, 0x0000000088200000, 0x0000000088300000|  0%| F|  |TAMS 0x0000000088200000| PB 0x0000000088200000| Untracked |  0
| 103|0x0000000088300000, 0x0000000088300000, 0x0000000088400000|  0%| F|  |TAMS 0x0000000088300000| PB 0x0000000088300000| Untracked |  0
| 104|0x0000000088400000, 0x0000000088400000, 0x0000000088500000|  0%| F|  |TAMS 0x0000000088400000| PB 0x0000000088400000| Untracked |  0
| 105|0x0000000088500000, 0x0000000088500000, 0x0000000088600000|  0%| F|  |TAMS 0x0000000088500000| PB 0x0000000088500000| Untracked |  0
| 106|0x0000000088600000, 0x0000000088600000, 0x0000000088700000|  0%| F|  |TAMS 0x0000000088600000| PB 0x0000000088600000| Untracked |  0
| 107|0x0000000088700000, 0x0000000088700000, 0x0000000088800000|  0%| F|  |TAMS 0x0000000088700000| PB 0x0000000088700000| Untracked |  0
| 108|0x0000000088800000, 0x0000000088800000, 0x0000000088900000|  0%| F|  |TAMS 0x0000000088800000| PB 0x0000000088800000| Untracked |  0
| 109|0x0000000088900000, 0x0000000088900000, 0x0000000088a00000|  0%| F|  |TAMS 0x0000000088900000| PB 0x0000000088900000| Untracked |  0
| 110|0x0000000088a00000, 0x0000000088a00000, 0x0000000088b00000|  0%| F|  |TAMS 0x0000000088a00000| PB 0x0000000088a00000| Untracked |  0
| 111|0x0000000088b00000, 0x0000000088b00000, 0x0000000088c00000|  0%| F|  |TAMS 0x0000000088b00000| PB 0x0000000088b00000| Untracked |  0
| 112|0x0000000088c00000, 0x0000000088c00000, 0x0000000088d00000|  0%| F|  |TAMS 0x0000000088c00000| PB 0x0000000088c00000| Untracked |  0
| 113|0x0000000088d00000, 0x0000000088d00000, 0x0000000088e00000|  0%| F|  |TAMS 0x0000000088d00000| PB 0x0000000088d00000| Untracked |  0
| 114|0x0000000088e00000, 0x0000000088e00000, 0x0000000088f00000|  0%| F|  |TAMS 0x0000000088e00000| PB 0x0000000088e00000| Untracked |  0
| 115|0x0000000088f00000, 0x0000000088f00000, 0x0000000089000000|  0%| F|  |TAMS 0x0000000088f00000| PB 0x0000000088f00000| Untracked |  0
| 116|0x0000000089000000, 0x0000000089000000, 0x0000000089100000|  0%| F|  |TAMS 0x0000000089000000| PB 0x0000000089000000| Untracked |  0
| 117|0x0000000089100000, 0x0000000089100000, 0x0000000089200000|  0%| F|  |TAMS 0x0000000089100000| PB 0x0000000089100000| Untracked |  0
| 118|0x0000000089200000, 0x0000000089200000, 0x0000000089300000|  0%| F|  |TAMS 0x0000000089200000| PB 0x0000000089200000| Untracked |  0
| 119|0x0000000089300000, 0x0000000089300000, 0x0000000089400000|  0%| F|  |TAMS 0x0000000089300000| PB 0x0000000089300000| Untracked |  0
| 120|0x0000000089400000, 0x0000000089400000, 0x0000000089500000|  0%| F|  |TAMS 0x0000000089400000| PB 0x0000000089400000| Untracked |  0
| 121|0x0000000089500000, 0x0000000089500000, 0x0000000089600000|  0%| F|  |TAMS 0x0000000089500000| PB 0x0000000089500000| Untracked |  0
| 122|0x0000000089600000, 0x0000000089600000, 0x0000000089700000|  0%| F|  |TAMS 0x0000000089600000| PB 0x0000000089600000| Untracked |  0
| 123|0x0000000089700000, 0x0000000089700000, 0x0000000089800000|  0%| F|  |TAMS 0x0000000089700000| PB 0x0000000089700000| Untracked |  0
| 124|0x0000000089800000, 0x0000000089800000, 0x0000000089900000|  0%| F|  |TAMS 0x0000000089800000| PB 0x0000000089800000| Untracked |  0
| 125|0x0000000089900000, 0x0000000089900000, 0x0000000089a00000|  0%| F|  |TAMS 0x0000000089900000| PB 0x0000000089900000| Untracked |  0
| 126|0x0000000089a00000, 0x0000000089a00000, 0x0000000089b00000|  0%| F|  |TAMS 0x0000000089a00000| PB 0x0000000089a00000| Untracked |  0
| 127|0x0000000089b00000, 0x0000000089b00000, 0x0000000089c00000|  0%| F|  |TAMS 0x0000000089b00000| PB 0x0000000089b00000| Untracked |  0
|2018|0x00000000ffe00000, 0x00000000fff00000, 0x00000000fff00000|100%| O|  |TAMS 0x00000000ffe00000| PB 0x00000000ffe00000| Untracked |  0
|2019|0x00000000fff00000, 0x0000000100000000, 0x0000000100000000|100%| O|  |TAMS 0x00000000fff00000| PB 0x00000000fff00000| Untracked |  0

Card table byte_map: [0x0000017ea7e90000,0x0000017ea8290000] _byte_map_base: 0x0000017ea7a82000

Marking Bits: (CMBitMap*) 0x0000017e94c581b0
 Bits: [0x0000017ea8290000, 0x0000017eaa220000)

Polling page: 0x0000017e92940000

Metaspace:

Usage:
  Non-class:     57.18 MB used.
      Class:      9.53 MB used.
       Both:     66.71 MB used.

Virtual space:
  Non-class space:       64.00 MB reserved,      57.56 MB ( 90%) committed,  1 nodes.
      Class space:        1.00 GB reserved,       9.81 MB ( <1%) committed,  1 nodes.
             Both:        1.06 GB reserved,      67.38 MB (  6%) committed. 

Chunk freelists:
   Non-Class:  6.45 MB
       Class:  6.20 MB
        Both:  12.66 MB

MaxMetaspaceSize: unlimited
CompressedClassSpaceSize: 1.00 GB
Initial GC threshold: 21.00 MB
Current GC threshold: 112.31 MB
CDS: on
 - commit_granule_bytes: 65536.
 - commit_granule_words: 8192.
 - virtual_space_node_default_size: 8388608.
 - enlarge_chunks_in_place: 1.
 - use_allocation_guard: 0.


Internal statistics:

num_allocs_failed_limit: 14.
num_arena_births: 856.
num_arena_deaths: 0.
num_vsnodes_births: 2.
num_vsnodes_deaths: 0.
num_space_committed: 1078.
num_space_uncommitted: 0.
num_chunks_returned_to_freelist: 14.
num_chunks_taken_from_freelist: 3209.
num_chunk_merges: 14.
num_chunk_splits: 2386.
num_chunks_enlarged: 1894.
num_inconsistent_stats: 0.

CodeHeap 'non-profiled nmethods': size=120064Kb used=2740Kb max_used=2937Kb free=117323Kb
 bounds [0x0000017ea0550000, 0x0000017ea0830000, 0x0000017ea7a90000]
CodeHeap 'profiled nmethods': size=120000Kb used=8159Kb max_used=8873Kb free=111840Kb
 bounds [0x0000017e98a90000, 0x0000017e99340000, 0x0000017e9ffc0000]
CodeHeap 'non-nmethods': size=5696Kb used=1691Kb max_used=1775Kb free=4004Kb
 bounds [0x0000017e9ffc0000, 0x0000017ea0230000, 0x0000017ea0550000]
CodeCache: size=245760Kb, used=12590Kb, max_used=13585Kb, free=233167Kb
 total_blobs=6173, nmethods=5429, adapters=648, full_count=0
Compilation: enabled, stopped_count=0, restarted_count=0

Compilation events (20 events):
Event: 16.691 Thread 0x0000017eac70f4c0 6500       1       org.antlr.v4.runtime.Recognizer::getState (5 bytes)
Event: 16.691 Thread 0x0000017eac70f4c0 nmethod 6500 0x0000017ea0624c88 code [0x0000017ea0624da0, 0x0000017ea0624e68]
Event: 16.699 Thread 0x0000017ef6645ac0 nmethod 6498 0x0000017ea05e9f88 code [0x0000017ea05ea0a0, 0x0000017ea05ea5a8]
Event: 16.739 Thread 0x0000017eac70f4c0 6501       3       org.antlr.v4.runtime.atn.PredictionContext::mergeSingletons (392 bytes)
Event: 16.740 Thread 0x0000017eac70f4c0 nmethod 6501 0x0000017e992ca408 code [0x0000017e992ca720, 0x0000017e992cc5e8]
Event: 16.743 Thread 0x0000017eac70a740 nmethod 6488 0x0000017ea0792908 code [0x0000017ea0792c20, 0x0000017ea0795340]
Event: 16.746 Thread 0x0000017eac70a740 6502       4       org.antlr.v4.runtime.atn.PredictionContext::mergeSingletons (392 bytes)
Event: 16.748 Thread 0x0000017eac70f4c0 6503       3       org.antlr.v4.runtime.atn.SingletonPredictionContext::equals (72 bytes)
Event: 16.749 Thread 0x0000017eac70f4c0 nmethod 6503 0x0000017e98ef9508 code [0x0000017e98ef9680, 0x0000017e98ef9cb8]
Event: 16.751 Thread 0x0000017ef6645ac0 6504       4       org.antlr.v4.runtime.atn.SingletonPredictionContext::equals (72 bytes)
Event: 16.755 Thread 0x0000017ef6645ac0 nmethod 6504 0x0000017ea05b6888 code [0x0000017ea05b69e0, 0x0000017ea05b6d28]
Event: 16.798 Thread 0x0000017eac70a740 nmethod 6502 0x0000017ea06e2c08 code [0x0000017ea06e2ea0, 0x0000017ea06e4810]
Event: 16.799 Thread 0x0000017ef6645ac0 6505       4       org.antlr.v4.runtime.atn.ATNConfig::<init> (15 bytes)
Event: 16.803 Thread 0x0000017ef6645ac0 nmethod 6505 0x0000017ea05e9a88 code [0x0000017ea05e9ba0, 0x0000017ea05e9f18]
Event: 16.809 Thread 0x0000017ef6645ac0 6506       4       java.util.BitSet::cardinality (32 bytes)
Event: 16.811 Thread 0x0000017ef6645ac0 nmethod 6506 0x0000017ea067ed08 code [0x0000017ea067ee00, 0x0000017ea067ef10]
Event: 16.812 Thread 0x0000017eac70a740 6507       4       org.antlr.v4.runtime.atn.ArrayPredictionContext::getReturnState (7 bytes)
Event: 16.813 Thread 0x0000017eac70a740 nmethod 6507 0x0000017ea06d0588 code [0x0000017ea06d0680, 0x0000017ea06d0738]
Event: 16.816 Thread 0x0000017eac70a740 6508       4       org.antlr.v4.runtime.atn.ATNConfig::equals (18 bytes)
Event: 16.823 Thread 0x0000017eac70a740 nmethod 6508 0x0000017ea05af108 code [0x0000017ea05af260, 0x0000017ea05af5b8]

GC Heap History (20 events):
Event: 11.638 GC heap after
{Heap after GC invocations=12 (full 0):
 garbage-first heap   total reserved 2068480K, committed 71680K, used 31192K [0x0000000081c00000, 0x0000000100000000)
  region size 1024K, 3 young (3072K), 3 survivors (3072K)
 Metaspace       used 44286K, committed 44800K, reserved 1114112K
  class space    used 5955K, committed 6208K, reserved 1048576K
}
Event: 12.797 GC heap before
{Heap before GC invocations=12 (full 0):
 garbage-first heap   total reserved 2068480K, committed 71680K, used 60888K [0x0000000081c00000, 0x0000000100000000)
  region size 1024K, 32 young (32768K), 3 survivors (3072K)
 Metaspace       used 52232K, committed 52800K, reserved 1114112K
  class space    used 6997K, committed 7232K, reserved 1048576K
}
Event: 12.804 GC heap after
{Heap after GC invocations=13 (full 0):
 garbage-first heap   total reserved 2068480K, committed 71680K, used 32998K [0x0000000081c00000, 0x0000000100000000)
  region size 1024K, 4 young (4096K), 4 survivors (4096K)
 Metaspace       used 52232K, committed 52800K, reserved 1114112K
  class space    used 6997K, committed 7232K, reserved 1048576K
}
Event: 13.679 GC heap before
{Heap before GC invocations=13 (full 0):
 garbage-first heap   total reserved 2068480K, committed 71680K, used 55526K [0x0000000081c00000, 0x0000000100000000)
  region size 1024K, 28 young (28672K), 4 survivors (4096K)
 Metaspace       used 59861K, committed 60416K, reserved 1114112K
  class space    used 8238K, committed 8448K, reserved 1048576K
}
Event: 13.686 GC heap after
{Heap after GC invocations=14 (full 0):
 garbage-first heap   total reserved 2068480K, committed 71680K, used 34227K [0x0000000081c00000, 0x0000000100000000)
  region size 1024K, 4 young (4096K), 4 survivors (4096K)
 Metaspace       used 59861K, committed 60416K, reserved 1114112K
  class space    used 8238K, committed 8448K, reserved 1048576K
}
Event: 14.805 GC heap before
{Heap before GC invocations=15 (full 0):
 garbage-first heap   total reserved 2068480K, committed 71680K, used 61875K [0x0000000081c00000, 0x0000000100000000)
  region size 1024K, 31 young (31744K), 4 survivors (4096K)
 Metaspace       used 64476K, committed 65152K, reserved 1114112K
  class space    used 8962K, committed 9280K, reserved 1048576K
}
Event: 14.812 GC heap after
{Heap after GC invocations=16 (full 0):
 garbage-first heap   total reserved 2068480K, committed 71680K, used 36595K [0x0000000081c00000, 0x0000000100000000)
  region size 1024K, 4 young (4096K), 4 survivors (4096K)
 Metaspace       used 64476K, committed 65152K, reserved 1114112K
  class space    used 8962K, committed 9280K, reserved 1048576K
}
Event: 15.498 GC heap before
{Heap before GC invocations=16 (full 0):
 garbage-first heap   total reserved 2068480K, committed 71680K, used 62195K [0x0000000081c00000, 0x0000000100000000)
  region size 1024K, 29 young (29696K), 4 survivors (4096K)
 Metaspace       used 66659K, committed 67392K, reserved 1114112K
  class space    used 9398K, committed 9728K, reserved 1048576K
}
Event: 15.508 GC heap after
{Heap after GC invocations=17 (full 0):
 garbage-first heap   total reserved 2068480K, committed 71680K, used 37754K [0x0000000081c00000, 0x0000000100000000)
  region size 1024K, 2 young (2048K), 2 survivors (2048K)
 Metaspace       used 66659K, committed 67392K, reserved 1114112K
  class space    used 9398K, committed 9728K, reserved 1048576K
}
Event: 15.792 GC heap before
{Heap before GC invocations=17 (full 0):
 garbage-first heap   total reserved 2068480K, committed 71680K, used 64378K [0x0000000081c00000, 0x0000000100000000)
  region size 1024K, 28 young (28672K), 2 survivors (2048K)
 Metaspace       used 66684K, committed 67392K, reserved 1114112K
  class space    used 9399K, committed 9728K, reserved 1048576K
}
Event: 15.800 GC heap after
{Heap after GC invocations=18 (full 0):
 garbage-first heap   total reserved 2068480K, committed 71680K, used 41729K [0x0000000081c00000, 0x0000000100000000)
  region size 1024K, 4 young (4096K), 4 survivors (4096K)
 Metaspace       used 66684K, committed 67392K, reserved 1114112K
  class space    used 9399K, committed 9728K, reserved 1048576K
}
Event: 16.272 GC heap before
{Heap before GC invocations=19 (full 0):
 garbage-first heap   total reserved 2068480K, committed 71680K, used 63233K [0x0000000081c00000, 0x0000000100000000)
  region size 1024K, 25 young (25600K), 4 survivors (4096K)
 Metaspace       used 68301K, committed 68992K, reserved 1114112K
  class space    used 9763K, committed 10048K, reserved 1048576K
}
Event: 16.285 GC heap after
{Heap after GC invocations=20 (full 0):
 garbage-first heap   total reserved 2068480K, committed 73728K, used 47572K [0x0000000081c00000, 0x0000000100000000)
  region size 1024K, 4 young (4096K), 4 survivors (4096K)
 Metaspace       used 68301K, committed 68992K, reserved 1114112K
  class space    used 9763K, committed 10048K, reserved 1048576K
}
Event: 16.437 GC heap before
{Heap before GC invocations=20 (full 0):
 garbage-first heap   total reserved 2068480K, committed 73728K, used 63956K [0x0000000081c00000, 0x0000000100000000)
  region size 1024K, 20 young (20480K), 4 survivors (4096K)
 Metaspace       used 68302K, committed 68992K, reserved 1114112K
  class space    used 9763K, committed 10048K, reserved 1048576K
}
Event: 16.453 GC heap after
{Heap after GC invocations=21 (full 0):
 garbage-first heap   total reserved 2068480K, committed 73728K, used 51101K [0x0000000081c00000, 0x0000000100000000)
  region size 1024K, 3 young (3072K), 3 survivors (3072K)
 Metaspace       used 68302K, committed 68992K, reserved 1114112K
  class space    used 9763K, committed 10048K, reserved 1048576K
}
Event: 16.543 GC heap before
{Heap before GC invocations=21 (full 0):
 garbage-first heap   total reserved 2068480K, committed 73728K, used 65437K [0x0000000081c00000, 0x0000000100000000)
  region size 1024K, 17 young (17408K), 3 survivors (3072K)
 Metaspace       used 68304K, committed 68992K, reserved 1114112K
  class space    used 9763K, committed 10048K, reserved 1048576K
}
Event: 16.554 GC heap after
{Heap after GC invocations=22 (full 0):
 garbage-first heap   total reserved 2068480K, committed 73728K, used 55296K [0x0000000081c00000, 0x0000000100000000)
  region size 1024K, 3 young (3072K), 3 survivors (3072K)
 Metaspace       used 68304K, committed 68992K, reserved 1114112K
  class space    used 9763K, committed 10048K, reserved 1048576K
}
Event: 16.711 GC heap before
{Heap before GC invocations=23 (full 0):
 garbage-first heap   total reserved 2068480K, committed 89088K, used 63488K [0x0000000081c00000, 0x0000000100000000)
  region size 1024K, 13 young (13312K), 3 survivors (3072K)
 Metaspace       used 68315K, committed 68992K, reserved 1114112K
  class space    used 9763K, committed 10048K, reserved 1048576K
}
Event: 16.717 GC heap after
{Heap after GC invocations=24 (full 0):
 garbage-first heap   total reserved 2068480K, committed 89088K, used 54634K [0x0000000081c00000, 0x0000000100000000)
  region size 1024K, 2 young (2048K), 2 survivors (2048K)
 Metaspace       used 68315K, committed 68992K, reserved 1114112K
  class space    used 9763K, committed 10048K, reserved 1048576K
}
Event: 16.837 GC heap before
{Heap before GC invocations=24 (full 0):
 garbage-first heap   total reserved 2068480K, committed 89088K, used 75114K [0x0000000081c00000, 0x0000000100000000)
  region size 1024K, 22 young (22528K), 2 survivors (2048K)
 Metaspace       used 68315K, committed 68992K, reserved 1114112K
  class space    used 9763K, committed 10048K, reserved 1048576K
}

Dll operation events (11 events):
Event: 0.018 Loaded shared library C:\Users\admin\.p2\pool\plugins\org.eclipse.justj.openjdk.hotspot.jre.full.win32.x86_64_23.0.1.v20241024-1700\jre\bin\java.dll
Event: 0.258 Loaded shared library C:\Users\admin\.p2\pool\plugins\org.eclipse.justj.openjdk.hotspot.jre.full.win32.x86_64_23.0.1.v20241024-1700\jre\bin\net.dll
Event: 0.260 Loaded shared library C:\Users\admin\.p2\pool\plugins\org.eclipse.justj.openjdk.hotspot.jre.full.win32.x86_64_23.0.1.v20241024-1700\jre\bin\nio.dll
Event: 0.261 Loaded shared library C:\Users\admin\.p2\pool\plugins\org.eclipse.justj.openjdk.hotspot.jre.full.win32.x86_64_23.0.1.v20241024-1700\jre\bin\zip.dll
Event: 0.270 Loaded shared library C:\Users\admin\.p2\pool\plugins\org.eclipse.justj.openjdk.hotspot.jre.full.win32.x86_64_23.0.1.v20241024-1700\jre\bin\zip.dll
Event: 0.841 Loaded shared library C:\Users\admin\.p2\pool\plugins\org.eclipse.justj.openjdk.hotspot.jre.full.win32.x86_64_23.0.1.v20241024-1700\jre\bin\jimage.dll
Event: 4.730 Loaded shared library C:\Users\admin\.p2\pool\plugins\org.eclipse.justj.openjdk.hotspot.jre.full.win32.x86_64_23.0.1.v20241024-1700\jre\bin\sunmscapi.dll
Event: 9.073 Loaded shared library C:\Users\admin\.p2\pool\plugins\org.eclipse.justj.openjdk.hotspot.jre.full.win32.x86_64_23.0.1.v20241024-1700\jre\bin\management.dll
Event: 9.080 Loaded shared library C:\Users\admin\.p2\pool\plugins\org.eclipse.justj.openjdk.hotspot.jre.full.win32.x86_64_23.0.1.v20241024-1700\jre\bin\management_ext.dll
Event: 10.763 Loaded shared library C:\Users\admin\.p2\pool\plugins\org.eclipse.justj.openjdk.hotspot.jre.full.win32.x86_64_23.0.1.v20241024-1700\jre\bin\verify.dll
Event: 11.595 Loaded shared library C:\Users\admin\.p2\pool\plugins\org.eclipse.justj.openjdk.hotspot.jre.full.win32.x86_64_23.0.1.v20241024-1700\jre\bin\extnet.dll

Deoptimization events (20 events):
Event: 16.592 Thread 0x0000017e929bdec0 DEOPT PACKING pc=0x0000017ea0829f64 sp=0x00000006f53fc160
Event: 16.592 Thread 0x0000017e929bdec0 DEOPT UNPACKING pc=0x0000017ea0014402 sp=0x00000006f53fc128 mode 2
Event: 16.631 Thread 0x0000017e929bdec0 DEOPT PACKING pc=0x0000017e98fa6514 sp=0x00000006f53fad90
Event: 16.631 Thread 0x0000017e929bdec0 DEOPT UNPACKING pc=0x0000017ea0014b22 sp=0x00000006f53fa230 mode 0
Event: 16.679 Thread 0x0000017e929bdec0 Uncommon trap: trap_request=0xffffffc6 fr.pc=0x0000017ea05c6d78 relative=0x00000000000008d8
Event: 16.679 Thread 0x0000017e929bdec0 Uncommon trap: reason=bimorphic_or_optimized_type_check action=maybe_recompile pc=0x0000017ea05c6d78 method=org.antlr.v4.runtime.atn.PredictionContext.merge(Lorg/antlr/v4/runtime/atn/PredictionContext;Lorg/antlr/v4/runtime/atn/PredictionContext;ZLorg/antl
Event: 16.679 Thread 0x0000017e929bdec0 DEOPT PACKING pc=0x0000017ea05c6d78 sp=0x00000006f53fadf0
Event: 16.679 Thread 0x0000017e929bdec0 DEOPT UNPACKING pc=0x0000017ea0014402 sp=0x00000006f53fadc8 mode 2
Event: 16.679 Thread 0x0000017e929bdec0 Uncommon trap: trap_request=0xffffffc6 fr.pc=0x0000017ea05c6d78 relative=0x00000000000008d8
Event: 16.679 Thread 0x0000017e929bdec0 Uncommon trap: reason=bimorphic_or_optimized_type_check action=maybe_recompile pc=0x0000017ea05c6d78 method=org.antlr.v4.runtime.atn.PredictionContext.merge(Lorg/antlr/v4/runtime/atn/PredictionContext;Lorg/antlr/v4/runtime/atn/PredictionContext;ZLorg/antl
Event: 16.679 Thread 0x0000017e929bdec0 DEOPT PACKING pc=0x0000017ea05c6d78 sp=0x00000006f53fadf0
Event: 16.679 Thread 0x0000017e929bdec0 DEOPT UNPACKING pc=0x0000017ea0014402 sp=0x00000006f53fadc8 mode 2
Event: 16.735 Thread 0x0000017e929bdec0 Uncommon trap: trap_request=0xffffff45 fr.pc=0x0000017ea06da55c relative=0x0000000000001bdc
Event: 16.738 Thread 0x0000017e929bdec0 Uncommon trap: reason=unstable_if action=reinterpret pc=0x0000017ea06da55c method=org.antlr.v4.runtime.atn.PredictionContext.mergeSingletons(Lorg/antlr/v4/runtime/atn/SingletonPredictionContext;Lorg/antlr/v4/runtime/atn/SingletonPredictionContext;ZLorg/an
Event: 16.738 Thread 0x0000017e929bdec0 DEOPT PACKING pc=0x0000017ea06da55c sp=0x00000006f53faac0
Event: 16.738 Thread 0x0000017e929bdec0 DEOPT UNPACKING pc=0x0000017ea0014402 sp=0x00000006f53faa70 mode 2
Event: 16.748 Thread 0x0000017e929bdec0 Uncommon trap: trap_request=0xffffff45 fr.pc=0x0000017ea0713ae4 relative=0x0000000000000204
Event: 16.748 Thread 0x0000017e929bdec0 Uncommon trap: reason=unstable_if action=reinterpret pc=0x0000017ea0713ae4 method=org.antlr.v4.runtime.atn.SingletonPredictionContext.equals(Ljava/lang/Object;)Z @ 11 c2
Event: 16.748 Thread 0x0000017e929bdec0 DEOPT PACKING pc=0x0000017ea0713ae4 sp=0x00000006f53f94d0
Event: 16.748 Thread 0x0000017e929bdec0 DEOPT UNPACKING pc=0x0000017ea0014402 sp=0x00000006f53f9468 mode 2

Classes loaded (20 events):
Event: 14.520 Loading class java/lang/Package$1PackageInfoProxy
Event: 14.520 Loading class java/lang/Package$1PackageInfoProxy done
Event: 14.626 Loading class java/util/stream/ReduceOps$5
Event: 14.626 Loading class java/util/stream/ReduceOps$5 done
Event: 14.626 Loading class java/util/stream/ReduceOps$CountingSink$OfRef
Event: 14.626 Loading class java/util/stream/ReduceOps$CountingSink
Event: 14.626 Loading class java/util/stream/ReduceOps$CountingSink done
Event: 14.626 Loading class java/util/stream/ReduceOps$CountingSink$OfRef done
Event: 14.789 Loading class java/lang/invoke/WrongMethodTypeException
Event: 14.789 Loading class java/lang/invoke/WrongMethodTypeException done
Event: 14.827 Loading class java/util/regex/Pattern$SliceU
Event: 14.827 Loading class java/util/regex/Pattern$SliceU done
Event: 14.827 Loading class java/util/regex/Pattern$Bound
Event: 14.827 Loading class java/util/regex/Pattern$Bound done
Event: 14.840 Loading class java/util/regex/Pattern$Behind
Event: 14.840 Loading class java/util/regex/Pattern$Behind done
Event: 14.903 Loading class java/util/EmptyStackException
Event: 14.903 Loading class java/util/EmptyStackException done
Event: 15.122 Loading class java/io/InvalidClassException
Event: 15.122 Loading class java/io/InvalidClassException done

Classes unloaded (0 events):
No events

Classes redefined (0 events):
No events

Internal exceptions (20 events):
Event: 13.604 Thread 0x0000017e929bdec0 Exception <a 'java/lang/NoSuchMethodError'{0x0000000084d6d948}: 'void java.lang.invoke.DirectMethodHandle$Holder.invokeSpecial(java.lang.Object, java.lang.Object, java.lang.Object, java.lang.Object, java.lang.Object, java.lang.Object, java.lang.Object, java.lang.Object)'> (0x0000000084d6d948) 
thrown [s\src\hotspot\share\interpreter\linkResolver.cpp, line 796]
Event: 13.612 Thread 0x0000017e929bdec0 Exception <a 'java/lang/NoSuchMethodError'{0x0000000084da61a8}: 'void java.lang.invoke.DirectMethodHandle$Holder.invokeSpecial(java.lang.Object, java.lang.Object, int, java.lang.Object)'> (0x0000000084da61a8) 
thrown [s\src\hotspot\share\interpreter\linkResolver.cpp, line 796]
Event: 13.613 Thread 0x0000017e929bdec0 Exception <a 'java/lang/NoSuchMethodError'{0x0000000084dac308}: 'java.lang.Object java.lang.invoke.DirectMethodHandle$Holder.newInvokeSpecial(java.lang.Object, java.lang.Object, int)'> (0x0000000084dac308) 
thrown [s\src\hotspot\share\interpreter\linkResolver.cpp, line 796]
Event: 13.614 Thread 0x0000017e929bdec0 Exception <a 'java/lang/IncompatibleClassChangeError'{0x0000000084dafb80}: Found class java.lang.Object, but interface was expected> (0x0000000084dafb80) 
thrown [s\src\hotspot\share\interpreter\linkResolver.cpp, line 863]
Event: 13.645 Thread 0x0000017e929bdec0 Exception <a 'java/lang/NoSuchMethodError'{0x0000000084ceee80}: 'int java.lang.invoke.DirectMethodHandle$Holder.invokeSpecial(java.lang.Object, java.lang.Object, int, java.lang.Object)'> (0x0000000084ceee80) 
thrown [s\src\hotspot\share\interpreter\linkResolver.cpp, line 796]
Event: 13.648 Thread 0x0000017e929bdec0 Exception <a 'java/lang/NoSuchMethodError'{0x0000000084b11b28}: 'java.lang.Object java.lang.invoke.DirectMethodHandle$Holder.newInvokeSpecial(java.lang.Object, java.lang.Object, java.lang.Object, java.lang.Object, java.lang.Object, int, java.lang.Object)'> (0x0000000084b11b28) 
thrown [s\src\hotspot\share\interpreter\linkResolver.cpp, line 796]
Event: 13.653 Thread 0x0000017e929bdec0 Exception <a 'java/lang/NoSuchMethodError'{0x0000000084b40868}: 'java.lang.Object java.lang.invoke.Invokers$Holder.linkToTargetMethod(java.lang.Object, java.lang.Object, java.lang.Object, java.lang.Object, java.lang.Object, java.lang.Object, java.lang.Object, java.lang.Object, java.lang.Object, java.lang.Object, java.lang.Object, java.lang.Object)'> (0x0000000084b40868) 
thrown [s\src\hotspot\share\interpreter\linkResolver.cpp, line 796]
Event: 13.714 Thread 0x0000017e929bdec0 Exception <a 'java/lang/IncompatibleClassChangeError'{0x0000000089b64c48}: Found class java.lang.Object, but interface was expected> (0x0000000089b64c48) 
thrown [s\src\hotspot\share\interpreter\linkResolver.cpp, line 863]
Event: 13.736 Thread 0x0000017e929bdec0 Exception <a 'java/lang/NoSuchMethodError'{0x0000000089a2c840}: 'java.lang.Object java.lang.invoke.DirectMethodHandle$Holder.newInvokeSpecial(java.lang.Object, java.lang.Object, int, java.lang.Object, int, java.lang.Object, java.lang.Object)'> (0x0000000089a2c840) 
thrown [s\src\hotspot\share\interpreter\linkResolver.cpp, line 796]
Event: 13.757 Thread 0x0000017e929bdec0 Exception <a 'java/lang/NoSuchMethodError'{0x0000000089a9c768}: 'java.lang.Object java.lang.invoke.DirectMethodHandle$Holder.newInvokeSpecial(java.lang.Object, java.lang.Object, java.lang.Object, java.lang.Object, java.lang.Object, java.lang.Object, java.lang.Object, int)'> (0x0000000089a9c768) 
thrown [s\src\hotspot\share\interpreter\linkResolver.cpp, line 796]
Event: 13.758 Thread 0x0000017e929bdec0 Exception <a 'java/lang/NoSuchMethodError'{0x0000000089aa0ce8}: 'java.lang.Object java.lang.invoke.DirectMethodHandle$Holder.invokeSpecial(java.lang.Object, java.lang.Object, java.lang.Object, java.lang.Object, java.lang.Object, java.lang.Object, java.lang.Object, java.lang.Object, int)'> (0x0000000089aa0ce8) 
thrown [s\src\hotspot\share\interpreter\linkResolver.cpp, line 796]
Event: 13.758 Thread 0x0000017e929bdec0 Exception <a 'java/lang/NoSuchMethodError'{0x0000000089aa4cd0}: 'java.lang.Object java.lang.invoke.Invokers$Holder.linkToTargetMethod(java.lang.Object, java.lang.Object, java.lang.Object, java.lang.Object, java.lang.Object, java.lang.Object, int, java.lang.Object)'> (0x0000000089aa4cd0) 
thrown [s\src\hotspot\share\interpreter\linkResolver.cpp, line 796]
Event: 13.977 Thread 0x0000017e929bdec0 Exception <a 'java/lang/NoSuchMethodError'{0x00000000885a4e18}: 'java.lang.Object java.lang.invoke.DirectMethodHandle$Holder.invokeSpecial(java.lang.Object, java.lang.Object, int, java.lang.Object, int)'> (0x00000000885a4e18) 
thrown [s\src\hotspot\share\interpreter\linkResolver.cpp, line 796]
Event: 14.012 Thread 0x0000017e929bdec0 Exception <a 'java/lang/NoSuchMethodError'{0x0000000085aabe60}: 'void java.lang.invoke.Invokers$Holder.invokeExact_MT(java.lang.Object, java.lang.Object, java.lang.Object, java.lang.Object)'> (0x0000000085aabe60) 
thrown [s\src\hotspot\share\interpreter\linkResolver.cpp, line 796]
Event: 14.045 Thread 0x0000017e929bdec0 Implicit null exception at 0x0000017ea07e2680 to 0x0000017ea07e28f4
Event: 14.259 Thread 0x0000017e929bdec0 Implicit null exception at 0x0000017ea05b6f10 to 0x0000017ea05b8d94
Event: 14.267 Thread 0x0000017e929bdec0 Exception <a 'java/lang/IncompatibleClassChangeError'{0x00000000854dfe60}: Found class java.lang.Object, but interface was expected> (0x00000000854dfe60) 
thrown [s\src\hotspot\share\interpreter\linkResolver.cpp, line 863]
Event: 14.331 Thread 0x0000017e929bdec0 Exception <a 'java/lang/IncompatibleClassChangeError'{0x000000008527a688}: Found class java.lang.Object, but interface was expected> (0x000000008527a688) 
thrown [s\src\hotspot\share\interpreter\linkResolver.cpp, line 863]
Event: 14.506 Thread 0x0000017e929bdec0 Exception <a 'java/lang/IncompatibleClassChangeError'{0x0000000084e33598}: Found class java.lang.Object, but interface was expected> (0x0000000084e33598) 
thrown [s\src\hotspot\share\interpreter\linkResolver.cpp, line 863]
Event: 15.587 Thread 0x0000017e929bdec0 Implicit null exception at 0x0000017ea06e2892 to 0x0000017ea06e464c

VM Operations (20 events):
Event: 15.590 Executing VM operation: HandshakeAllThreads (Deoptimize) done
Event: 15.792 Executing VM operation: G1CollectForAllocation (G1 Evacuation Pause)
Event: 15.800 Executing VM operation: G1CollectForAllocation (G1 Evacuation Pause) done
Event: 15.892 Executing VM operation: G1PauseRemark
Event: 15.898 Executing VM operation: G1PauseRemark done
Event: 15.928 Executing VM operation: G1PauseCleanup
Event: 15.928 Executing VM operation: G1PauseCleanup done
Event: 16.272 Executing VM operation: G1CollectForAllocation (G1 Evacuation Pause)
Event: 16.285 Executing VM operation: G1CollectForAllocation (G1 Evacuation Pause) done
Event: 16.437 Executing VM operation: G1CollectForAllocation (G1 Evacuation Pause)
Event: 16.453 Executing VM operation: G1CollectForAllocation (G1 Evacuation Pause) done
Event: 16.543 Executing VM operation: G1CollectForAllocation (G1 Evacuation Pause)
Event: 16.554 Executing VM operation: G1CollectForAllocation (G1 Evacuation Pause) done
Event: 16.665 Executing VM operation: G1PauseRemark
Event: 16.669 Executing VM operation: G1PauseRemark done
Event: 16.708 Executing VM operation: G1PauseCleanup
Event: 16.708 Executing VM operation: G1PauseCleanup done
Event: 16.711 Executing VM operation: G1CollectForAllocation (G1 Evacuation Pause)
Event: 16.717 Executing VM operation: G1CollectForAllocation (G1 Evacuation Pause) done
Event: 16.836 Executing VM operation: G1CollectForAllocation (G1 Evacuation Pause)

Memory protections (0 events):
No events

Nmethod flushes (20 events):
Event: 16.668 Thread 0x0000017eac6e5b10 flushing  nmethod 0x0000017ea072d788
Event: 16.668 Thread 0x0000017eac6e5b10 flushing  nmethod 0x0000017ea07dbd88
Event: 16.668 Thread 0x0000017eac6e5b10 flushing  nmethod 0x0000017e98b82888
Event: 16.668 Thread 0x0000017eac6e5b10 flushing  nmethod 0x0000017e98b82c88
Event: 16.668 Thread 0x0000017eac6e5b10 flushing  nmethod 0x0000017e98b82f88
Event: 16.668 Thread 0x0000017eac6e5b10 flushing  nmethod 0x0000017e98b97388
Event: 16.668 Thread 0x0000017eac6e5b10 flushing  nmethod 0x0000017e98c07188
Event: 16.668 Thread 0x0000017eac6e5b10 flushing  nmethod 0x0000017e98c4b208
Event: 16.668 Thread 0x0000017eac6e5b10 flushing  nmethod 0x0000017e98cb6a08
Event: 16.668 Thread 0x0000017eac6e5b10 flushing  nmethod 0x0000017e98d0a188
Event: 16.668 Thread 0x0000017eac6e5b10 flushing  nmethod 0x0000017e98d68688
Event: 16.668 Thread 0x0000017eac6e5b10 flushing  nmethod 0x0000017e98e01e88
Event: 16.668 Thread 0x0000017eac6e5b10 flushing  nmethod 0x0000017e98e87c88
Event: 16.668 Thread 0x0000017eac6e5b10 flushing  nmethod 0x0000017e98e88408
Event: 16.668 Thread 0x0000017eac6e5b10 flushing  nmethod 0x0000017e98eb0b88
Event: 16.668 Thread 0x0000017eac6e5b10 flushing  nmethod 0x0000017e9900b888
Event: 16.668 Thread 0x0000017eac6e5b10 flushing  nmethod 0x0000017e990f8f08
Event: 16.668 Thread 0x0000017eac6e5b10 flushing  nmethod 0x0000017e990f9288
Event: 16.668 Thread 0x0000017eac6e5b10 flushing  nmethod 0x0000017e9920dc08
Event: 16.668 Thread 0x0000017eac6e5b10 flushing  nmethod 0x0000017e99243688

Events (20 events):
Event: 0.338 Thread 0x0000017eac70f4c0 Thread added: 0x0000017eac8b12c0
Event: 0.457 Thread 0x0000017e929bdec0 Thread added: 0x0000017ef276b1a0
Event: 1.531 Thread 0x0000017eac8b12c0 Thread exited: 0x0000017eac8b12c0
Event: 1.616 Thread 0x0000017eac70f4c0 Thread added: 0x0000017ef275d180
Event: 1.988 Thread 0x0000017ef275d180 Thread exited: 0x0000017ef275d180
Event: 2.743 Thread 0x0000017eac70a740 Thread added: 0x0000017ef2a3de00
Event: 2.915 Thread 0x0000017e929bdec0 Thread added: 0x0000017ef30fced0
Event: 2.938 Thread 0x0000017ef30fced0 Thread exited: 0x0000017ef30fced0
Event: 3.142 Thread 0x0000017e929bdec0 Thread added: 0x0000017ef3623b80
Event: 4.717 Thread 0x0000017e929bdec0 Thread added: 0x0000017ef4746020
Event: 4.769 Thread 0x0000017ef3623b80 Thread exited: 0x0000017ef3623b80
Event: 4.848 Thread 0x0000017ef4746020 Thread exited: 0x0000017ef4746020
Event: 9.341 Thread 0x0000017e929bdec0 Thread added: 0x0000017ef529a240
Event: 9.345 Thread 0x0000017e929bdec0 Thread added: 0x0000017ef529d6c0
Event: 9.357 Thread 0x0000017e929bdec0 Thread added: 0x0000017ef529d030
Event: 9.468 Thread 0x0000017e929bdec0 Thread added: 0x0000017ef529b5f0
Event: 11.794 Thread 0x0000017e929bdec0 Thread added: 0x0000017ef529af60
Event: 11.900 Thread 0x0000017ef529af60 Thread added: 0x0000017ef529c310
Event: 13.605 Thread 0x0000017ef2a3de00 Thread exited: 0x0000017ef2a3de00
Event: 14.054 Thread 0x0000017eac70f4c0 Thread added: 0x0000017ef6645ac0


Dynamic libraries:
0x00007ff7a0430000 - 0x00007ff7a043e000 	C:\Users\admin\.p2\pool\plugins\org.eclipse.justj.openjdk.hotspot.jre.full.win32.x86_64_23.0.1.v20241024-1700\jre\bin\javaw.exe
0x00007fff1f400000 - 0x00007fff1f5f0000 	C:\Windows\SYSTEM32\ntdll.dll
0x00007fff1f1e0000 - 0x00007fff1f292000 	C:\Windows\System32\KERNEL32.DLL
0x00007fff1ce70000 - 0x00007fff1d115000 	C:\Windows\System32\KERNELBASE.dll
0x00007fff1d120000 - 0x00007fff1d21a000 	C:\Windows\System32\ucrtbase.dll
0x00007ffef3ce0000 - 0x00007ffef3cf7000 	C:\Users\admin\.p2\pool\plugins\org.eclipse.justj.openjdk.hotspot.jre.full.win32.x86_64_23.0.1.v20241024-1700\jre\bin\jli.dll
0x00007fff1dfb0000 - 0x00007fff1e144000 	C:\Windows\System32\USER32.dll
0x00007fff1cc20000 - 0x00007fff1cc41000 	C:\Windows\System32\win32u.dll
0x00007fff1dd80000 - 0x00007fff1dda6000 	C:\Windows\System32\GDI32.dll
0x00007fff1d2c0000 - 0x00007fff1d458000 	C:\Windows\System32\gdi32full.dll
0x00007fff1d220000 - 0x00007fff1d2be000 	C:\Windows\System32\msvcp_win.dll
0x00007fff0b480000 - 0x00007fff0b49e000 	C:\Users\admin\.p2\pool\plugins\org.eclipse.justj.openjdk.hotspot.jre.full.win32.x86_64_23.0.1.v20241024-1700\jre\bin\VCRUNTIME140.dll
0x00007fff0b150000 - 0x00007fff0b3d4000 	C:\Windows\WinSxS\amd64_microsoft.windows.common-controls_6595b64144ccf1df_6.0.18362.1556_none_9e7e372fe45e41d5\COMCTL32.dll
0x00007fff1f140000 - 0x00007fff1f1de000 	C:\Windows\System32\msvcrt.dll
0x00007fff1da40000 - 0x00007fff1dd76000 	C:\Windows\System32\combase.dll
0x00007fff1f020000 - 0x00007fff1f13f000 	C:\Windows\System32\RPCRT4.dll
0x00007fff1cc50000 - 0x00007fff1ccd1000 	C:\Windows\System32\bcryptPrimitives.dll
0x00007fff1da10000 - 0x00007fff1da3e000 	C:\Windows\System32\IMM32.DLL
0x00007fff0a6a0000 - 0x00007fff0a6ac000 	C:\Users\admin\.p2\pool\plugins\org.eclipse.justj.openjdk.hotspot.jre.full.win32.x86_64_23.0.1.v20241024-1700\jre\bin\vcruntime140_1.dll
0x00007fff08880000 - 0x00007fff0890d000 	C:\Users\admin\.p2\pool\plugins\org.eclipse.justj.openjdk.hotspot.jre.full.win32.x86_64_23.0.1.v20241024-1700\jre\bin\msvcp140.dll
0x00007ffedb7e0000 - 0x00007ffedc5ad000 	C:\Users\admin\.p2\pool\plugins\org.eclipse.justj.openjdk.hotspot.jre.full.win32.x86_64_23.0.1.v20241024-1700\jre\bin\server\jvm.dll
0x00007fff1d4c0000 - 0x00007fff1d563000 	C:\Windows\System32\ADVAPI32.dll
0x00007fff1d970000 - 0x00007fff1da07000 	C:\Windows\System32\sechost.dll
0x00007fff1c2e0000 - 0x00007fff1c32a000 	C:\Windows\System32\POWRPROF.dll
0x00007fff1c2b0000 - 0x00007fff1c2c0000 	C:\Windows\System32\UMPDC.dll
0x00007fff1f350000 - 0x00007fff1f3bf000 	C:\Windows\System32\WS2_32.dll
0x00007fff1a170000 - 0x00007fff1a194000 	C:\Windows\SYSTEM32\WINMM.dll
0x00007fff150d0000 - 0x00007fff150da000 	C:\Windows\SYSTEM32\VERSION.dll
0x00007fff19f70000 - 0x00007fff19f9d000 	C:\Windows\SYSTEM32\WINMMBASE.dll
0x00007fff1d460000 - 0x00007fff1d4aa000 	C:\Windows\System32\cfgmgr32.dll
0x00007fff1c2c0000 - 0x00007fff1c2d1000 	C:\Windows\System32\kernel.appcore.dll
0x00007fff0b400000 - 0x00007fff0b40a000 	C:\Users\admin\.p2\pool\plugins\org.eclipse.justj.openjdk.hotspot.jre.full.win32.x86_64_23.0.1.v20241024-1700\jre\bin\jimage.dll
0x00007fff1ab40000 - 0x00007fff1ad34000 	C:\Windows\SYSTEM32\DBGHELP.DLL
0x00007ffefebd0000 - 0x00007ffefebfa000 	C:\Windows\SYSTEM32\dbgcore.DLL
0x00007ffef3d00000 - 0x00007ffef3d1e000 	C:\Users\admin\.p2\pool\plugins\org.eclipse.justj.openjdk.hotspot.jre.full.win32.x86_64_23.0.1.v20241024-1700\jre\bin\java.dll
0x00007fff1d720000 - 0x00007fff1d877000 	C:\Windows\System32\ole32.dll
0x00007fff1e1c0000 - 0x00007fff1e8a7000 	C:\Windows\System32\SHELL32.dll
0x00007fff1ef10000 - 0x00007fff1efb8000 	C:\Windows\System32\shcore.dll
0x00007fff1c3f0000 - 0x00007fff1cb6b000 	C:\Windows\System32\windows.storage.dll
0x00007fff1c330000 - 0x00007fff1c34e000 	C:\Windows\System32\profapi.dll
0x00007fff1de80000 - 0x00007fff1ded2000 	C:\Windows\System32\shlwapi.dll
0x00007fff1c370000 - 0x00007fff1c387000 	C:\Windows\System32\cryptsp.dll
0x00007fff187c0000 - 0x00007fff187d0000 	C:\Users\admin\.p2\pool\plugins\org.eclipse.justj.openjdk.hotspot.jre.full.win32.x86_64_23.0.1.v20241024-1700\jre\bin\net.dll
0x00007fff1ba40000 - 0x00007fff1baa7000 	C:\Windows\system32\mswsock.dll
0x00007fff187a0000 - 0x00007fff187b6000 	C:\Users\admin\.p2\pool\plugins\org.eclipse.justj.openjdk.hotspot.jre.full.win32.x86_64_23.0.1.v20241024-1700\jre\bin\nio.dll
0x00007ffef0300000 - 0x00007ffef0317000 	C:\Users\admin\.p2\pool\plugins\org.eclipse.justj.openjdk.hotspot.jre.full.win32.x86_64_23.0.1.v20241024-1700\jre\bin\zip.dll
0x00007fff1b760000 - 0x00007fff1b79a000 	C:\Windows\SYSTEM32\IPHLPAPI.DLL
0x00007fff1f340000 - 0x00007fff1f348000 	C:\Windows\System32\NSI.dll
0x00007fff1b7a0000 - 0x00007fff1b86b000 	C:\Windows\SYSTEM32\DNSAPI.dll
0x00007fff0afe0000 - 0x00007fff0afea000 	C:\Windows\System32\rasadhlp.dll
0x00007fff14630000 - 0x00007fff146a7000 	C:\Windows\System32\fwpuclnt.dll
0x00007fff1ce40000 - 0x00007fff1ce66000 	C:\Windows\System32\bcrypt.dll
0x00007fff168d0000 - 0x00007fff168de000 	C:\Users\admin\.p2\pool\plugins\org.eclipse.justj.openjdk.hotspot.jre.full.win32.x86_64_23.0.1.v20241024-1700\jre\bin\sunmscapi.dll
0x00007fff1cce0000 - 0x00007fff1ce31000 	C:\Windows\System32\CRYPT32.dll
0x00007fff1c350000 - 0x00007fff1c362000 	C:\Windows\System32\MSASN1.dll
0x00007fff1bd70000 - 0x00007fff1bd96000 	C:\Windows\SYSTEM32\ncrypt.dll
0x00007fff1bd30000 - 0x00007fff1bd6b000 	C:\Windows\SYSTEM32\NTASN1.dll
0x00007fff1b5d0000 - 0x00007fff1b603000 	C:\Windows\system32\rsaenh.dll
0x00007fff1c1d0000 - 0x00007fff1c1f5000 	C:\Windows\SYSTEM32\USERENV.dll
0x00007fff1bbc0000 - 0x00007fff1bbcc000 	C:\Windows\SYSTEM32\CRYPTBASE.dll
0x00007fff16a30000 - 0x00007fff16a3a000 	C:\Users\admin\.p2\pool\plugins\org.eclipse.justj.openjdk.hotspot.jre.full.win32.x86_64_23.0.1.v20241024-1700\jre\bin\management.dll
0x00007fff0e720000 - 0x00007fff0e72b000 	C:\Users\admin\.p2\pool\plugins\org.eclipse.justj.openjdk.hotspot.jre.full.win32.x86_64_23.0.1.v20241024-1700\jre\bin\management_ext.dll
0x00007fff1d4b0000 - 0x00007fff1d4b8000 	C:\Windows\System32\PSAPI.DLL
0x00007fff16a20000 - 0x00007fff16a30000 	C:\Users\admin\.p2\pool\plugins\org.eclipse.justj.openjdk.hotspot.jre.full.win32.x86_64_23.0.1.v20241024-1700\jre\bin\verify.dll
0x00007fff0e730000 - 0x00007fff0e739000 	C:\Users\admin\.p2\pool\plugins\org.eclipse.justj.openjdk.hotspot.jre.full.win32.x86_64_23.0.1.v20241024-1700\jre\bin\extnet.dll

dbghelp: loaded successfully - version: 4.0.5 - missing functions: none
symbol engine: initialized successfully - sym options: 0x614 - pdb path: .;C:\Users\admin\.p2\pool\plugins\org.eclipse.justj.openjdk.hotspot.jre.full.win32.x86_64_23.0.1.v20241024-1700\jre\bin;C:\Windows\SYSTEM32;C:\Windows\WinSxS\amd64_microsoft.windows.common-controls_6595b64144ccf1df_6.0.18362.1556_none_9e7e372fe45e41d5;C:\Users\admin\.p2\pool\plugins\org.eclipse.justj.openjdk.hotspot.jre.full.win32.x86_64_23.0.1.v20241024-1700\jre\bin\server

VM Arguments:
jvm_args: --module-path=D:\Downloads\javafx-sdk-23.0.1\lib --add-modules=javafx.controls,javafx.graphics,javafx.fxml -Dfile.encoding=UTF-8 -Dstdout.encoding=UTF-8 -Dstderr.encoding=UTF-8 -XX:+ShowCodeDetailsInExceptionMessages 
java_command: com.truongquycode.course_service.CourseServiceApplication
java_class_path (initial): D:\eclipse-workspace\microservices-new\course-service\target\classes;C:\Users\admin\.m2\repository\org\springframework\boot\spring-boot-starter-data-jpa\3.5.6\spring-boot-starter-data-jpa-3.5.6.jar;C:\Users\admin\.m2\repository\org\springframework\boot\spring-boot-starter\3.5.6\spring-boot-starter-3.5.6.jar;C:\Users\admin\.m2\repository\org\springframework\boot\spring-boot\3.5.6\spring-boot-3.5.6.jar;C:\Users\admin\.m2\repository\org\springframework\boot\spring-boot-autoconfigure\3.5.6\spring-boot-autoconfigure-3.5.6.jar;C:\Users\admin\.m2\repository\org\springframework\boot\spring-boot-starter-logging\3.5.6\spring-boot-starter-logging-3.5.6.jar;C:\Users\admin\.m2\repository\org\apache\logging\log4j\log4j-to-slf4j\2.24.3\log4j-to-slf4j-2.24.3.jar;C:\Users\admin\.m2\repository\org\apache\logging\log4j\log4j-api\2.24.3\log4j-api-2.24.3.jar;C:\Users\admin\.m2\repository\org\slf4j\jul-to-slf4j\2.0.17\jul-to-slf4j-2.0.17.jar;C:\Users\admin\.m2\repository\jakarta\annotation\jakarta.annotation-api\2.1.1\jakarta.annotation-api-2.1.1.jar;C:\Users\admin\.m2\repository\org\yaml\snakeyaml\2.4\snakeyaml-2.4.jar;C:\Users\admin\.m2\repository\org\springframework\boot\spring-boot-starter-jdbc\3.5.6\spring-boot-starter-jdbc-3.5.6.jar;C:\Users\admin\.m2\repository\com\zaxxer\HikariCP\6.3.3\HikariCP-6.3.3.jar;C:\Users\admin\.m2\repository\org\springframework\spring-jdbc\6.2.11\spring-jdbc-6.2.11.jar;C:\Users\admin\.m2\repository\org\hibernate\orm\hibernate-core\6.6.29.Final\hibernate-core-6.6.29.Final.jar;C:\Users\admin\.m2\repository\jakarta\persistence\jakarta.persistence-api\3.1.0\jakarta.persistence-api-3.1.0.jar;C:\Users\admin\.m2\repository\jakarta\transaction\jakarta.transaction-api\2.0.1\jakarta.transaction-api-2.0.1.jar;C:\Users\admin\.m2\repository\org\jboss\logging\jboss-logging\3.6.1.Final\jboss-logging-3.6.1.Final.jar;C:\Users\admin\.m2\repository\org\hibernate\common\hibernate-commons-annotations\7.0.3.Final\hibernate-commons-annotations-7.0.3.Final.jar;C:\Users\admin\.m2\repository\io\smallrye\jandex\3.2.0\jandex-3.2.0.jar;C:\Users\admin\.m2\repository\com\fasterxml\classmate\1.7.0\classmate-1.7.0.jar;C:\Users\admin\.m2\repository\net\bytebuddy\byte-buddy\1.17.7\byte-buddy-1.17.7.jar;C:\Users\admin\.m2\repository\org\glassfish\jaxb\jaxb-runtime\4.0.5\jaxb-runtime-4.0.5.jar;C:\Users\admin\.m2\repository\org\glassfish\jaxb\jaxb-core\4.0.5\jaxb-core-4.0.5.jar;C:\Users\admin\.m2\repository\org\eclipse\angus\angus-activation\2.0.2\angus-activation-2.0.2.jar;C:\Users\admin\.m2\repository\org\glassfish\jaxb\txw2\4.0.5\txw2-4.0.5.jar;C:\Users\admin\.m2\repository\com\sun\istack\istack-commons-runtime\4.1.2\istack-commons-runtime-4.1.2.jar;C:\Users\admin\.m2\repository\jakarta\inject\jakarta.inject-api\2.0.1\jakarta.inject-api-2.0.1.jar;C:\Users\admin\.m2\repository\org\antlr\antlr4-runtime\4.13.0\antlr4-runtime-4.13.0.jar;C:\Users\admin\.m2\repository\org\springframework\data\spring-data-jpa\3.5.4\spring-data-jpa-3.5.4.jar;C:\Users\admin\.m2\repository\org\springframework\data\spring-data-commons\3.5.4\spring-data-commons-3.5.4.jar;C:\Users\admin\.m2\repository\org\springframework\spring-orm\6.2.11\spring-orm-6.2.11.jar;C:\Users\admin\.m2\repository\org\springframework\spring-aop\6.2.11\spring-aop-6.2.11.jar;C:\Users\admin\.m2\repository\org\springframework\spring-beans\6.2.11\spring-beans-6.2.11.jar;C:\Users\admin\.m2\repository\org\springframework\spring-aspects\6.2.11\spring-aspects-6.2.11.jar;C:\Users\admin\.m2\repository\org\aspectj\aspectjweaver\1.9.24\aspectjweaver-1.9.24.jar;C:\Users\admin\.m2\repository\org\springframework\boot\spring-boot-starter-web\3.5.6\spring-boot-starter-web-3.5.6.jar;C:\Users\admin\.m2\repository\org\springframework\boot\spring-boot-starter-json\3.5.6\spring-boot-starter-json-3.5.6.jar;C:\Users\admin\.m2\repository\com\fasterxml\jackson\datatype\jackson-datatype-jdk8\2.19.2\jackson-datatype-jdk8-2.19.2.jar;C:\Users\admin\.m2\repository\com\fasterxml\jackson\datatype\jackson-datatype-jsr310\2.19.2\jackson-datatype-jsr310-2.19.2.jar;C:\Users\admin\.m2\repository\com\fasterxml\jackson\module\jackson-module-parameter-names\2.19.2\jackson-module-parameter-names-2.19.2.jar;C:\Users\admin\.m2\repository\org\springframework\boot\spring-boot-starter-tomcat\3.5.6\spring-boot-starter-tomcat-3.5.6.jar;C:\Users\admin\.m2\repository\org\apache\tomcat\embed\tomcat-embed-core\10.1.46\tomcat-embed-core-10.1.46.jar;C:\Users\admin\.m2\repository\org\apache\tomcat\embed\tomcat-embed-el\10.1.46\tomcat-embed-el-10.1.46.jar;C:\Users\admin\.m2\repository\org\apache\tomcat\embed\tomcat-embed-websocket\10.1.46\tomcat-embed-websocket-10.1.46.jar;C:\Users\admin\.m2\repository\org\springframework\spring-web\6.2.11\spring-web-6.2.11.jar;C:\Users\admin\.m2\repository\org\springframework\spring-webmvc\6.2.11\spring-webmvc-6.2.11.jar;C:\Users\admin\.m2\repository\org\springframework\spring-expression\6.2.11\spring-expression-6.2.11.jar;C:\Users\admin\.m2\repository\org\springframework\cloud\spring-cloud-starter-netflix-eureka-client\4.3.0\spring-cloud-starter-netflix-eureka-client-4.3.0.jar;C:\Users\admin\.m2\repository\org\springframework\cloud\spring-cloud-starter\4.3.0\spring-cloud-starter-4.3.0.jar;C:\Users\admin\.m2\repository\org\springframework\cloud\spring-cloud-context\4.3.0\spring-cloud-context-4.3.0.jar;C:\Users\admin\.m2\repository\org\springframework\security\spring-security-crypto\6.5.5\spring-security-crypto-6.5.5.jar;C:\Users\admin\.m2\repository\org\springframework\cloud\spring-cloud-commons\4.3.0\spring-cloud-commons-4.3.0.jar;C:\Users\admin\.m2\repository\org\bouncycastle\bcprov-jdk18on\1.80\bcprov-jdk18on-1.80.jar;C:\Users\admin\.m2\repository\org\springframework\cloud\spring-cloud-netflix-eureka-client\4.3.0\spring-cloud-netflix-eureka-client-4.3.0.jar;C:\Users\admin\.m2\repository\org\apache\httpcomponents\client5\httpclient5\5.5\httpclient5-5.5.jar;C:\Users\admin\.m2\repository\org\apache\httpcomponents\core5\httpcore5\5.3.5\httpcore5-5.3.5.jar;C:\Users\admin\.m2\repository\org\apache\httpcomponents\core5\httpcore5-h2\5.3.5\httpcore5-h2-5.3.5.jar;C:\Users\admin\.m2\repository\com\netflix\eureka\eureka-client\2.0.4\eureka-client-2.0.4.jar;C:\Users\admin\.m2\repository\com\thoughtworks\xstream\xstream\1.4.20\xstream-1.4.20.jar;C:\Users\admin\.m2\repository\io\github\x-stream\mxparser\1.2.2\mxparser-1.2.2.jar;C:\Users\admin\.m2\repository\xmlpull\xmlpull\1.1.3.1\xmlpull-1.1.3.1.jar;C:\Users\admin\.m2\repository\jakarta\ws\rs\jakarta.ws.rs-api\3.1.0\jakarta.ws.rs-api-3.1.0.jar;C:\Users\admin\.m2\repository\com\netflix\spectator\spectator-api\1.7.3\spectator-api-1.7.3.jar;C:\Users\admin\.m2\repository\org\apache\httpcomponents\httpclient\4.5.3\httpclient-4.5.3.jar;C:\Users\admin\.m2\repository\org\apache\httpcomponents\httpcore\4.4.16\httpcore-4.4.16.jar;C:\Users\admin\.m2\repository\commons-codec\commons-codec\1.18.0\commons-codec-1.18.0.jar;C:\Users\admin\.m2\repository\commons-configuration\commons-configuration\1.10\commons-configuration-1.10.jar;C:\Users\admin\.m2\repository\commons-lang\commons-lang\2.6\commons-lang-2.6.jar;C:\Users\admin\.m2\repository\com\fasterxml\jackson\core\jackson-core\2.19.2\jackson-core-2.19.2.jar;C:\Users\admin\.m2\repository\com\netflix\netflix-commons\netflix-eventbus\0.3.0\netflix-eventbus-0.3.0.jar;C:\Users\admin\.m2\repository\com\netflix\netflix-commons\netflix-infix\0.3.0\netflix-infix-0.3.0.jar;C:\Users\admin\.m2\repository\commons-jxpath\commons-jxpath\1.3\commons-jxpath-1.3.jar;C:\Users\admin\.m2\repository\joda-time\joda-time\2.3\joda-time-2.3.jar;C:\Users\admin\.m2\repository\org\antlr\antlr-runtime\3.4\antlr-runtime-3.4.jar;C:\Users\admin\.m2\repository\org\antlr\stringtemplate\3.2.1\stringtemplate-3.2.1.jar;C:\Users\admin\.m2\repository\antlr\antlr\2.7.7\antlr-2.7.7.jar;C:\Users\admin\.m2\repository\com\google\guava\guava\14.0.1\guava-14.0.1.jar;C:\Users\admin\.m2\repository\com\google\code\gson\gson\2.13.2\gson-2.13.2.jar;C:\Users\admin\.m2\repository\com\netflix\servo\servo-core\0.5.3\servo-core-0.5.3.jar;C:\Users\admin\.m2\repository\org\apache\commons\commons-math\2.2\commons-math-2.2.jar;C:\Users\admin\.m2\repository\javax\annotation\javax.annotation-api\1.2\javax.annotation-api-1.2.jar;C:\Users\admin\.m2\repository\org\codehaus\jettison\jettison\1.5.4\jettison-1.5.4.jar;C:\Users\admin\.m2\repository\org\springframework\cloud\spring-cloud-starter-loadbalancer\4.3.0\spring-cloud-starter-loadbalancer-4.3.0.jar;C:\Users\admin\.m2\repository\org\springframework\cloud\spring-cloud-loadbalancer\4.3.0\spring-cloud-loadbalancer-4.3.0.jar;C:\Users\admin\.m2\repository\io\projectreactor\reactor-core\3.7.11\reactor-core-3.7.11.jar;C:\Users\admin\.m2\repository\org\reactivestreams\reactive-streams\1.0.4\reactive-streams-1.0.4.jar;C:\Users\admin\.m2\repository\io\projectreactor\addons\reactor-extra\3.5.3\reactor-extra-3.5.3.jar;C:\Users\admin\.m2\repository\org\springframework\boot\spring-boot-starter-cache\3.5.6\spring-boot-starter-cache-3.5.6.jar;C:\Users\admin\.m2\repository\org\springframework\spring-context-support\6.2.11\spring-context-support-6.2.11.jar;C:\Users\admin\.m2\repository\com\stoyanr\evictor\1.0.0\evictor-1.0.0.jar;C:\Users\admin\.m2\repository\org\springframework\kafka\spring-kafka\3.3.10\spring-kafka-3.3.10.jar;C:\Users\admin\.m2\repository\org\springframework\spring-context\6.2.11\spring-context-6.2.11.jar;C:\Users\admin\.m2\repository\org\springframework\spring-messaging\6.2.11\spring-messaging-6.2.11.jar;C:\Users\admin\.m2\repository\org\springframework\spring-tx\6.2.11\spring-tx-6.2.11.jar;C:\Users\admin\.m2\repository\org\springframework\retry\spring-retry\2.0.12\spring-retry-2.0.12.jar;C:\Users\admin\.m2\repository\org\apache\kafka\kafka-clients\3.9.1\kafka-clients-3.9.1.jar;C:\Users\admin\.m2\repository\com\github\luben\zstd-jni\1.5.6-4\zstd-jni-1.5.6-4.jar;C:\Users\admin\.m2\repository\org\lz4\lz4-java\1.8.0\lz4-java-1.8.0.jar;C:\Users\admin\.m2\repository\org\xerial\snappy\snappy-java\1.1.10.5\snappy-java-1.1.10.5.jar;C:\Users\admin\.m2\repository\io\micrometer\micrometer-observation\1.15.4\micrometer-observation-1.15.4.jar;C:\Users\admin\.m2\repository\io\micrometer\micrometer-commons\1.15.4\micrometer-commons-1.15.4.jar;C:\Users\admin\.m2\repository\org\projectlombok\lombok\1.18.40\lombok-1.18.40.jar;C:\Users\admin\.m2\repository\jakarta\xml\bind\jakarta.xml.bind-api\4.0.2\jakarta.xml.bind-api-4.0.2.jar;C:\Users\admin\.m2\repository\jakarta\activation\jakarta.activation-api\2.1.4\jakarta.activation-api-2.1.4.jar;C:\Users\admin\.m2\repository\org\springframework\spring-core\6.2.11\spring-core-6.2.11.jar;C:\Users\admin\.m2\repository\org\springframework\spring-jcl\6.2.11\spring-jcl-6.2.11.jar;C:\Users\admin\.m2\repository\ch\qos\logback\logback-core\1.5.18\logback-core-1.5.18.jar;C:\Users\admin\.m2\repository\ch\qos\logback\logback-classic\1.5.18\logback-classic-1.5.18.jar;C:\Users\admin\.m2\repository\com\google\errorprone\error_prone_annotations\2.40.0\error_prone_annotations-2.40.0.jar;C:\Users\admin\.m2\repository\com\mysql\mysql-connector-j\9.4.0\mysql-connector-j-9.4.0.jar;D:\eclipse-workspace\microservices-new\common-dtos\target\classes;C:\Users\admin\.m2\repository\org\apache\kafka\kafka-streams\3.9.1\kafka-streams-3.9.1.jar;C:\Users\admin\.m2\repository\org\rocksdb\rocksdbjni\7.9.2\rocksdbjni-7.9.2.jar;C:\Users\admin\.m2\repository\org\slf4j\slf4j-api\2.0.17\slf4j-api-2.0.17.jar;C:\Users\admin\.m2\repository\com\fasterxml\jackson\core\jackson-annotations\2.19.2\jackson-annotations-2.19.2.jar;C:\Users\admin\.m2\repository\com\fasterxml\jackson\core\jackson-databind\2.19.2\jackson-databind-2.19.2.jar
Launcher Type: SUN_STANDARD

[Global flags]
     intx CICompilerCount                          = 3                                         {product} {ergonomic}
     uint ConcGCThreads                            = 1                                         {product} {ergonomic}
     uint G1ConcRefinementThreads                  = 4                                         {product} {ergonomic}
   size_t G1HeapRegionSize                         = 1048576                                   {product} {ergonomic}
   size_t InitialHeapSize                          = 134217728                                 {product} {ergonomic}
   size_t MarkStackSize                            = 4194304                                   {product} {ergonomic}
   size_t MarkStackSizeMax                         = 536870912                                 {product} {ergonomic}
   size_t MaxHeapSize                              = 2118123520                                {product} {ergonomic}
   size_t MaxNewSize                               = 1270874112                                {product} {ergonomic}
   size_t MinHeapDeltaBytes                        = 1048576                                   {product} {ergonomic}
   size_t MinHeapSize                              = 8388608                                   {product} {ergonomic}
    uintx NonNMethodCodeHeapSize                   = 5832704                                {pd product} {ergonomic}
    uintx NonProfiledCodeHeapSize                  = 122945536                              {pd product} {ergonomic}
    uintx ProfiledCodeHeapSize                     = 122880000                              {pd product} {ergonomic}
    uintx ReservedCodeCacheSize                    = 251658240                              {pd product} {ergonomic}
     bool SegmentedCodeCache                       = true                                      {product} {ergonomic}
     bool ShowCodeDetailsInExceptionMessages       = true                                   {manageable} {command line}
   size_t SoftMaxHeapSize                          = 2118123520                             {manageable} {ergonomic}
     bool UseCompressedOops                        = true                           {product lp64_product} {ergonomic}
     bool UseG1GC                                  = true                                      {product} {ergonomic}
     bool UseLargePagesIndividualAllocation        = false                                  {pd product} {ergonomic}

Logging:
Log output configuration:
 #0: stdout all=warning uptime,level,tags foldmultilines=false
 #1: stderr all=off uptime,level,tags foldmultilines=false

Environment Variables:
JAVA_HOME=D:\Java\jdk-21
CLASSPATH=D:\Git\cmd;.D:\Downloads\keycloak-26.3.5;D:\Downloads\apache-maven-3.9.11\bin;
PATH=C:/Users/admin/.p2/pool/plugins/org.eclipse.justj.openjdk.hotspot.jre.full.win32.x86_64_23.0.1.v20241024-1700/jre/bin/server;C:/Users/admin/.p2/pool/plugins/org.eclipse.justj.openjdk.hotspot.jre.full.win32.x86_64_23.0.1.v20241024-1700/jre/bin;C:\Program Files\Common Files\Oracle\Java\javapath;C:\Program Files (x86)\Common Files\Oracle\Java\java8path;C:\Program Files (x86)\Common Files\Oracle\Java\javapath;D:\Java\jdk-21\bin;D:\PuTTY\;C:\Windows\System32;D:\Git\cmd;D:\Git\bin;D:\Java\jdk-21\bin;D:\Downloads\apache-maven-3.9.11\bin;D:\OpenSSL-Win64\bin;C:\Users\admin\AppData\Local\Programs\Python\Python311\Scripts\;C:\Users\admin\AppData\Local\Programs\Python\Python311\;C:\Users\admin\AppData\Local\Microsoft\WindowsApps;D:\xampp\php;D:\nodejs\;C:\Users\admin\AppData\Roaming\npm;C:\Program Files (x86)\WiX Toolset v3.14\bin;D:\Erlang OTP\erts-15.2\bin;D:\RabbitMQ Server\rabbitmq_server-4.0.5\sbin;D:\Java\jdk-21\bin;D:\Java\jdk-21\bin;D:\Visual_Studio_Codel\Programs\Microsoft VS Code\bin;D:\Git\cmd;D:\Downloads\apache-maven-3.9.11\bin;;C:\Windows\system32;
USERNAME=admin
OS=Windows_NT
PROCESSOR_IDENTIFIER=Intel64 Family 6 Model 78 Stepping 3, GenuineIntel
TMP=C:\Users\admin\AppData\Local\Temp
TEMP=C:\Users\admin\AppData\Local\Temp




Periodic native trim disabled

---------------  S Y S T E M  ---------------

OS:
 Windows 10 , 64 bit Build 18362 (10.0.18362.1500)
OS uptime: 0 days 6:47 hours
Hyper-V role detected

CPU: total 4 (initial active 4) (2 cores per cpu, 2 threads per core) family 6 model 78 stepping 3 microcode 0xec, cx8, cmov, fxsr, ht, mmx, 3dnowpref, sse, sse2, sse3, ssse3, sse4.1, sse4.2, popcnt, lzcnt, tsc, tscinvbit, avx, avx2, aes, erms, clmul, bmi1, bmi2, rtm, adx, fma, vzeroupper, clflush, clflushopt, hv, rdtscp, f16c
Processor Information for the first 4 processors :
  Max Mhz: 2501, Current Mhz: 2501, Mhz Limit: 2501

Memory: 4k page, system-wide physical 8073M (458M free)
TotalPageFile size 16265M (AvailPageFile size 76M)
current process WorkingSet (physical memory assigned to process): 280M, peak: 280M
current process commit charge ("private bytes"): 351M, peak: 436M

vm_info: OpenJDK 64-Bit Server VM (23.0.1+11) for windows-amd64 JRE (23.0.1+11), built on 2024-10-15T00:00:00Z with MS VC++ 17.7 (VS2022)

END.
